T0278 8008:294 SEGGER J-Link V4.98e Log File (0000ms, 26928ms total)
T0278 8008:294 DLL Compiled: May  5 2015 11:00:52 (0000ms, 26928ms total)
T0278 8008:294 Logging started @ 2016-05-04 18:54 (0000ms, 26928ms total)
T0278 8008:302 JLINK_ExecCommand("Device = AT91SAM4SD32C", ...)Device "ATSAM4SD32C" selected.  returns 0x00 (0000ms, 26928ms total)
T0278 8008:428 JLINK_ExecCommand("ProjectFile = T:\13.00992-3\Entregas\12-TIMER-COUNTER-COMPARE\Timer-Counter\jlink.config", ...)  returns 0x00 (0000ms, 26928ms total)
T0278 8008:472 JLINK_ExecCommand("Device = AT91SAM4SD32C", ...)Device "ATSAM4SD32C" selected.  returns 0x00 (0000ms, 26928ms total)
T0278 8008:472 JLINK_TIF_Select(JLINKARM_TIF_JTAG)  returns 0x00 (0006ms, 26934ms total)
T0278 8008:478 JLINK_GetIdData(...) >0x2F8 JTAG>TotalIRLen = 4, IRPrint = 0x01 >0x30 JTAG> >0x210 JTAG> >0x70 JTAG> >0x40 JTAG> >0x40 JTAG> >0x40 JTAG> >0x48 JTAG> >0x78 JTAG> >0x40 JTAG> >0x30 JTAG> >0x40 JTAG> >0x40 JTAG> >0x30 JTAG> >0x40 JTAG> >0x48 JTAG>Found Cortex-M4 r0p1, Little endian. -- CPU_WriteMem(4 bytes @ 0xE0002000) -- CPU_ReadMem(4 bytes @ 0xE000EDF0) -- CPU_ReadMem(4 bytes @ 0xE0002000)FPUnit: 6 code (BP) slots and 2 literal slots -- CPU_ReadMem(4 bytes @ 0xE000EDFC)
 -- CPU_ReadMem(4 bytes @ 0xE0001000) -- CPU_WriteMem(4 bytes @ 0xE0001000) -- CPU_ReadMem(4 bytes @ 0xE000ED88) -- CPU_WriteMem(4 bytes @ 0xE000ED88) -- CPU_ReadMem(4 bytes @ 0xE000ED88) -- CPU_WriteMem(4 bytes @ 0xE000ED88)CoreSight components:ROMTbl 0 @ E00FF000 -- CPU_ReadMem(16 bytes @ 0xE00FF000) -- CPU_ReadMem(16 bytes @ 0xE000EFF0) -- CPU_ReadMem(16 bytes @ 0xE000EFE0)ROMTbl 0 [0]: FFF0F000, CID: B105E00D, PID: 000BB000 SCS -- CPU_ReadMem(16 bytes @ 0xE0001FF0)
 -- CPU_ReadMem(16 bytes @ 0xE0001FE0)ROMTbl 0 [1]: FFF02000, CID: B105E00D, PID: 003BB002 DWT -- CPU_ReadMem(16 bytes @ 0xE0002FF0) -- CPU_ReadMem(16 bytes @ 0xE0002FE0)ROMTbl 0 [2]: FFF03000, CID: B105E00D, PID: 002BB003 FPB -- CPU_ReadMem(16 bytes @ 0xE0000FF0) -- CPU_ReadMem(16 bytes @ 0xE0000FE0)ROMTbl 0 [3]: FFF01000, CID: B105E00D, PID: 003BB001 ITM -- CPU_ReadMem(16 bytes @ 0xE00FF010) -- CPU_ReadMem(16 bytes @ 0xE0040FF0) -- CPU_ReadMem(16 bytes @ 0xE0040FE0)
ROMTbl 0 [4]: FFF41000, CID: B105900D, PID: 000BB9A1 TPIU ScanLen=4 NumDevices=1 aId[0]=0x4BA00477 aIrRead[0]=0 aScanLen[0]=0 aScanRead[0]=0 (0047ms, 26981ms total)
T0278 8008:525 JLINK_ConfigJTAG(IRPre = 0, DRPre = 0) (0000ms, 26981ms total)
T0278 8008:525 JLINK_SetSpeed(1000) (0001ms, 26982ms total)
T0278 8008:526 JLINK_ResetPullsRESET(OFF) (0000ms, 26982ms total)
T0278 8008:526 JLINK_Connect() >0x2F8 JTAG>TotalIRLen = 4, IRPrint = 0x01 >0x30 JTAG> >0x210 JTAG> >0x70 JTAG> >0x40 JTAG> >0x40 JTAG> >0x40 JTAG> >0x48 JTAG> >0x78 JTAG> >0x40 JTAG> >0x30 JTAG> >0x40 JTAG> >0x40 JTAG> >0x30 JTAG> >0x40 JTAG> >0x48 JTAG>Found Cortex-M4 r0p1, Little endian. -- CPU_WriteMem(4 bytes @ 0xE0002000) -- CPU_ReadMem(4 bytes @ 0xE000EDF0) -- CPU_ReadMem(4 bytes @ 0xE0002000)FPUnit: 6 code (BP) slots and 2 literal slots -- CPU_ReadMem(4 bytes @ 0xE000EDFC)
 -- CPU_ReadMem(4 bytes @ 0xE0001000) -- CPU_WriteMem(4 bytes @ 0xE0001000) -- CPU_ReadMem(4 bytes @ 0xE000ED88) -- CPU_WriteMem(4 bytes @ 0xE000ED88) -- CPU_ReadMem(4 bytes @ 0xE000ED88) -- CPU_WriteMem(4 bytes @ 0xE000ED88)CoreSight components:ROMTbl 0 @ E00FF000 -- CPU_ReadMem(16 bytes @ 0xE00FF000) -- CPU_ReadMem(16 bytes @ 0xE000EFF0) -- CPU_ReadMem(16 bytes @ 0xE000EFE0)ROMTbl 0 [0]: FFF0F000, CID: B105E00D, PID: 000BB000 SCS -- CPU_ReadMem(16 bytes @ 0xE0001FF0)
 -- CPU_ReadMem(16 bytes @ 0xE0001FE0)ROMTbl 0 [1]: FFF02000, CID: B105E00D, PID: 003BB002 DWT -- CPU_ReadMem(16 bytes @ 0xE0002FF0) -- CPU_ReadMem(16 bytes @ 0xE0002FE0)ROMTbl 0 [2]: FFF03000, CID: B105E00D, PID: 002BB003 FPB -- CPU_ReadMem(16 bytes @ 0xE0000FF0) -- CPU_ReadMem(16 bytes @ 0xE0000FE0)ROMTbl 0 [3]: FFF01000, CID: B105E00D, PID: 003BB001 ITM -- CPU_ReadMem(16 bytes @ 0xE00FF010) -- CPU_ReadMem(16 bytes @ 0xE0040FF0) -- CPU_ReadMem(16 bytes @ 0xE0040FE0)
ROMTbl 0 [4]: FFF41000, CID: B105900D, PID: 000BB9A1 TPIU  returns 0x00 (0045ms, 27027ms total)
T0278 8008:571 JLINK_GetDebugInfo(0x100) -- Value=0xE00FF003  returns 0x00 (0001ms, 27028ms total)
T0278 8008:572 JLINK_ReadMem (0xE00FFFF0, 0x0010 Bytes, ...) -- CPU is running -- CPU_ReadMem(16 bytes @ 0xE00FFFF0) - Data: 0D 00 00 00 10 00 00 00 05 00 00 00 B1 00 00 00  returns 0x00 (0002ms, 27030ms total)
T0278 8008:574 JLINK_ReadMem (0xE00FFFD0, 0x0020 Bytes, ...) -- CPU is running -- CPU_ReadMem(32 bytes @ 0xE00FFFD0) - Data: 04 00 00 00 00 00 00 00 00 00 00 00 00 00 00 00 ...  returns 0x00 (0002ms, 27032ms total)
T0278 8008:576 JLINK_ReadMemU32(0xE00FF000, 0x0001 Items, ...) -- CPU is running -- CPU_ReadMem(4 bytes @ 0xE00FF000) - Data: 03 F0 F0 FF  returns 0x01 (0001ms, 27033ms total)
T0278 8008:577 JLINK_ReadMem (0xE000EFF0, 0x0010 Bytes, ...) -- CPU is running -- CPU_ReadMem(16 bytes @ 0xE000EFF0) - Data: 0D 00 00 00 E0 00 00 00 05 00 00 00 B1 00 00 00  returns 0x00 (0001ms, 27034ms total)
T0278 8008:578 JLINK_ReadMem (0xE000EFD0, 0x0020 Bytes, ...) -- CPU is running -- CPU_ReadMem(32 bytes @ 0xE000EFD0) - Data: 04 00 00 00 00 00 00 00 00 00 00 00 00 00 00 00 ...  returns 0x00 (0002ms, 27036ms total)
T0278 8008:580 JLINK_ReadMemU32(0xE00FF004, 0x0001 Items, ...) -- CPU is running -- CPU_ReadMem(4 bytes @ 0xE00FF004) - Data: 03 20 F0 FF  returns 0x01 (0001ms, 27037ms total)
T0278 8008:581 JLINK_ReadMem (0xE0001FF0, 0x0010 Bytes, ...) -- CPU is running -- CPU_ReadMem(16 bytes @ 0xE0001FF0) - Data: 0D 00 00 00 E0 00 00 00 05 00 00 00 B1 00 00 00  returns 0x00 (0001ms, 27038ms total)
T0278 8008:582 JLINK_ReadMem (0xE0001FD0, 0x0020 Bytes, ...) -- CPU is running -- CPU_ReadMem(32 bytes @ 0xE0001FD0) - Data: 04 00 00 00 00 00 00 00 00 00 00 00 00 00 00 00 ...  returns 0x00 (0002ms, 27040ms total)
T0278 8008:584 JLINK_ReadMemU32(0xE00FF008, 0x0001 Items, ...) -- CPU is running -- CPU_ReadMem(4 bytes @ 0xE00FF008) - Data: 03 30 F0 FF  returns 0x01 (0001ms, 27041ms total)
T0278 8008:585 JLINK_ReadMem (0xE0002FF0, 0x0010 Bytes, ...) -- CPU is running -- CPU_ReadMem(16 bytes @ 0xE0002FF0) - Data: 0D 00 00 00 E0 00 00 00 05 00 00 00 B1 00 00 00  returns 0x00 (0001ms, 27042ms total)
T0278 8008:586 JLINK_ReadMem (0xE0002FD0, 0x0020 Bytes, ...) -- CPU is running -- CPU_ReadMem(32 bytes @ 0xE0002FD0) - Data: 04 00 00 00 00 00 00 00 00 00 00 00 00 00 00 00 ...  returns 0x00 (0002ms, 27044ms total)
T0278 8008:588 JLINK_ReadMemU32(0xE00FF00C, 0x0001 Items, ...) -- CPU is running -- CPU_ReadMem(4 bytes @ 0xE00FF00C) - Data: 03 10 F0 FF  returns 0x01 (0001ms, 27045ms total)
T0278 8008:589 JLINK_ReadMem (0xE0000FF0, 0x0010 Bytes, ...) -- CPU is running -- CPU_ReadMem(16 bytes @ 0xE0000FF0) - Data: 0D 00 00 00 E0 00 00 00 05 00 00 00 B1 00 00 00  returns 0x00 (0001ms, 27046ms total)
T0278 8008:590 JLINK_ReadMem (0xE0000FD0, 0x0020 Bytes, ...) -- CPU is running -- CPU_ReadMem(32 bytes @ 0xE0000FD0) - Data: 04 00 00 00 00 00 00 00 00 00 00 00 00 00 00 00 ...  returns 0x00 (0002ms, 27048ms total)
T0278 8008:592 JLINK_ReadMemU32(0xE00FF010, 0x0001 Items, ...) -- CPU is running -- CPU_ReadMem(4 bytes @ 0xE00FF010) - Data: 03 10 F4 FF  returns 0x01 (0001ms, 27049ms total)
T0278 8008:593 JLINK_ReadMem (0xE0040FF0, 0x0010 Bytes, ...) -- CPU is running -- CPU_ReadMem(16 bytes @ 0xE0040FF0) - Data: 0D 00 00 00 90 00 00 00 05 00 00 00 B1 00 00 00  returns 0x00 (0002ms, 27051ms total)
T0278 8008:595 JLINK_ReadMem (0xE0040FD0, 0x0020 Bytes, ...) -- CPU is running -- CPU_ReadMem(32 bytes @ 0xE0040FD0) - Data: 04 00 00 00 00 00 00 00 00 00 00 00 00 00 00 00 ...  returns 0x00 (0002ms, 27053ms total)
T0278 8008:597 JLINK_ReadMemU32(0xE00FF014, 0x0001 Items, ...) -- CPU is running -- CPU_ReadMem(4 bytes @ 0xE00FF014) - Data: 02 20 F4 FF  returns 0x01 (0001ms, 27054ms total)
T0278 8008:598 JLINK_ReadMemU32(0xE00FF018, 0x0001 Items, ...) -- CPU is running -- CPU_ReadMem(4 bytes @ 0xE00FF018) - Data: 00 00 00 00  returns 0x01 (0001ms, 27055ms total)
T0278 8008:599 JLINK_ReadMem (0xE0001000, 0x0004 Bytes, ...) -- CPU is running -- CPU_ReadMem(4 bytes @ 0xE0001000) - Data: 01 00 00 40  returns 0x00 (0001ms, 27056ms total)
T0278 8008:600 JLINK_ReadMem (0xE0001000, 0x0004 Bytes, ...) -- CPU is running -- CPU_ReadMem(4 bytes @ 0xE0001000) - Data: 01 00 00 40  returns 0x00 (0001ms, 27057ms total)
T0278 8008:601 JLINK_ReadMem (0xE0001028, 0x0004 Bytes, ...) -- CPU is running -- CPU_ReadMem(4 bytes @ 0xE0001028) - Data: 00 00 00 00  returns 0x00 (0001ms, 27058ms total)
T0278 8008:602 JLINK_WriteMem(0xE0001028, 0x0004 Bytes, ...) - Data: 00 01 00 00 -- CPU is running -- CPU_WriteMem(4 bytes @ 0xE0001028)  returns 0x04 (0001ms, 27059ms total)
T0278 8008:603 JLINK_ReadMem (0xE0001028, 0x0004 Bytes, ...) -- CPU is running -- CPU_ReadMem(4 bytes @ 0xE0001028) - Data: 00 00 00 00  returns 0x00 (0001ms, 27060ms total)
T0278 8008:604 JLINK_ReadMem (0xE0001038, 0x0004 Bytes, ...) -- CPU is running -- CPU_ReadMem(4 bytes @ 0xE0001038) - Data: 00 02 00 00  returns 0x00 (0001ms, 27061ms total)
T0278 8008:605 JLINK_WriteMem(0xE0001038, 0x0004 Bytes, ...) - Data: 00 03 00 00 -- CPU is running -- CPU_WriteMem(4 bytes @ 0xE0001038)  returns 0x04 (0001ms, 27062ms total)
T0278 8008:606 JLINK_ReadMem (0xE0001038, 0x0004 Bytes, ...) -- CPU is running -- CPU_ReadMem(4 bytes @ 0xE0001038) - Data: 00 03 00 00  returns 0x00 (0001ms, 27063ms total)
T0278 8008:607 JLINK_ReadMem (0xE0001048, 0x0004 Bytes, ...) -- CPU is running -- CPU_ReadMem(4 bytes @ 0xE0001048) - Data: 00 00 00 00  returns 0x00 (0001ms, 27064ms total)
T0278 8008:608 JLINK_WriteMem(0xE0001048, 0x0004 Bytes, ...) - Data: 00 01 00 00 -- CPU is running -- CPU_WriteMem(4 bytes @ 0xE0001048)  returns 0x04 (0001ms, 27065ms total)
T0278 8008:609 JLINK_ReadMem (0xE0001048, 0x0004 Bytes, ...) -- CPU is running -- CPU_ReadMem(4 bytes @ 0xE0001048) - Data: 00 00 00 00  returns 0x00 (0001ms, 27066ms total)
T0278 8008:610 JLINK_ReadMem (0xE0001058, 0x0004 Bytes, ...) -- CPU is running -- CPU_ReadMem(4 bytes @ 0xE0001058) - Data: 00 00 00 00  returns 0x00 (0001ms, 27067ms total)
T0278 8008:611 JLINK_WriteMem(0xE0001058, 0x0004 Bytes, ...) - Data: 00 01 00 00 -- CPU is running -- CPU_WriteMem(4 bytes @ 0xE0001058)  returns 0x04 (0001ms, 27068ms total)
T0278 8008:612 JLINK_ReadMem (0xE0001058, 0x0004 Bytes, ...) -- CPU is running -- CPU_ReadMem(4 bytes @ 0xE0001058) - Data: 00 00 00 00  returns 0x00 (0001ms, 27069ms total)
T0278 8008:613 JLINK_ReadMem (0xE0001024, 0x0004 Bytes, ...) -- CPU is running -- CPU_ReadMem(4 bytes @ 0xE0001024) - Data: 00 00 00 00  returns 0x00 (0001ms, 27070ms total)
T0278 8008:614 JLINK_WriteMem(0xE0001024, 0x0004 Bytes, ...) - Data: 1F 00 00 00 -- CPU is running -- CPU_WriteMem(4 bytes @ 0xE0001024)  returns 0x04 (0001ms, 27071ms total)
T0278 8008:615 JLINK_ReadMem (0xE0001024, 0x0004 Bytes, ...) -- CPU is running -- CPU_ReadMem(4 bytes @ 0xE0001024) - Data: 0F 00 00 00  returns 0x00 (0001ms, 27072ms total)
T0278 8008:616 JLINK_ReadMem (0xE0001034, 0x0004 Bytes, ...) -- CPU is running -- CPU_ReadMem(4 bytes @ 0xE0001034) - Data: 00 00 00 00  returns 0x00 (0001ms, 27073ms total)
T0278 8008:617 JLINK_WriteMem(0xE0001034, 0x0004 Bytes, ...) - Data: 1F 00 00 00 -- CPU is running -- CPU_WriteMem(4 bytes @ 0xE0001034)  returns 0x04 (0001ms, 27074ms total)
T0278 8008:618 JLINK_ReadMem (0xE0001034, 0x0004 Bytes, ...) -- CPU is running -- CPU_ReadMem(4 bytes @ 0xE0001034) - Data: 0F 00 00 00  returns 0x00 (0001ms, 27075ms total)
T0278 8008:619 JLINK_ReadMem (0xE0001044, 0x0004 Bytes, ...) -- CPU is running -- CPU_ReadMem(4 bytes @ 0xE0001044) - Data: 00 00 00 00  returns 0x00 (0001ms, 27076ms total)
T0278 8008:620 JLINK_WriteMem(0xE0001044, 0x0004 Bytes, ...) - Data: 1F 00 00 00 -- CPU is running -- CPU_WriteMem(4 bytes @ 0xE0001044)  returns 0x04 (0001ms, 27077ms total)
T0278 8008:621 JLINK_ReadMem (0xE0001044, 0x0004 Bytes, ...) -- CPU is running -- CPU_ReadMem(4 bytes @ 0xE0001044) - Data: 0F 00 00 00  returns 0x00 (0001ms, 27078ms total)
T0278 8008:622 JLINK_ReadMem (0xE0001054, 0x0004 Bytes, ...) -- CPU is running -- CPU_ReadMem(4 bytes @ 0xE0001054) - Data: 00 00 00 00  returns 0x00 (0001ms, 27079ms total)
T0278 8008:623 JLINK_WriteMem(0xE0001054, 0x0004 Bytes, ...) - Data: 1F 00 00 00 -- CPU is running -- CPU_WriteMem(4 bytes @ 0xE0001054)  returns 0x04 (0001ms, 27080ms total)
T0278 8008:624 JLINK_ReadMem (0xE0001054, 0x0004 Bytes, ...) -- CPU is running -- CPU_ReadMem(4 bytes @ 0xE0001054) - Data: 0F 00 00 00  returns 0x00 (0001ms, 27081ms total)
T0278 8008:625 JLINK_ReadMem (0xE0001028, 0x0004 Bytes, ...) -- CPU is running -- CPU_ReadMem(4 bytes @ 0xE0001028) - Data: 00 00 00 00  returns 0x00 (0001ms, 27082ms total)
T0278 8008:626 JLINK_ReadMem (0xE0001038, 0x0004 Bytes, ...) -- CPU is running -- CPU_ReadMem(4 bytes @ 0xE0001038) - Data: 00 03 00 00  returns 0x00 (0001ms, 27083ms total)
T0278 8008:627 JLINK_ReadMem (0xE0001048, 0x0004 Bytes, ...) -- CPU is running -- CPU_ReadMem(4 bytes @ 0xE0001048) - Data: 00 00 00 00  returns 0x00 (0001ms, 27084ms total)
T0278 8008:628 JLINK_ReadMem (0xE0001058, 0x0004 Bytes, ...) -- CPU is running -- CPU_ReadMem(4 bytes @ 0xE0001058) - Data: 00 00 00 00  returns 0x00 (0001ms, 27085ms total)
T0278 8008:629 JLINK_WriteMem(0xE0001020, 0x0004 Bytes, ...) - Data: 00 00 00 00 -- CPU is running -- CPU_WriteMem(4 bytes @ 0xE0001020)  returns 0x04 (0001ms, 27086ms total)
T0278 8008:630 JLINK_WriteMem(0xE0001024, 0x0004 Bytes, ...) - Data: 00 00 00 00 -- CPU is running -- CPU_WriteMem(4 bytes @ 0xE0001024)  returns 0x04 (0001ms, 27087ms total)
T0278 8008:631 JLINK_WriteMem(0xE0001028, 0x0004 Bytes, ...) - Data: 00 00 00 00 -- CPU is running -- CPU_WriteMem(4 bytes @ 0xE0001028)  returns 0x04 (0001ms, 27088ms total)
T0278 8008:632 JLINK_WriteMem(0xE0001030, 0x0004 Bytes, ...) - Data: 00 00 00 00 -- CPU is running -- CPU_WriteMem(4 bytes @ 0xE0001030)  returns 0x04 (0001ms, 27089ms total)
T0278 8008:633 JLINK_WriteMem(0xE0001034, 0x0004 Bytes, ...) - Data: 00 00 00 00 -- CPU is running -- CPU_WriteMem(4 bytes @ 0xE0001034)  returns 0x04 (0001ms, 27090ms total)
T0278 8008:634 JLINK_WriteMem(0xE0001038, 0x0004 Bytes, ...) - Data: 00 00 00 00 -- CPU is running -- CPU_WriteMem(4 bytes @ 0xE0001038)  returns 0x04 (0001ms, 27091ms total)
T0278 8008:635 JLINK_WriteMem(0xE0001040, 0x0004 Bytes, ...) - Data: 00 00 00 00 -- CPU is running -- CPU_WriteMem(4 bytes @ 0xE0001040)  returns 0x04 (0001ms, 27092ms total)
T0278 8008:636 JLINK_WriteMem(0xE0001044, 0x0004 Bytes, ...) - Data: 00 00 00 00 -- CPU is running -- CPU_WriteMem(4 bytes @ 0xE0001044)  returns 0x04 (0001ms, 27093ms total)
T0278 8008:637 JLINK_WriteMem(0xE0001048, 0x0004 Bytes, ...) - Data: 00 00 00 00 -- CPU is running -- CPU_WriteMem(4 bytes @ 0xE0001048)  returns 0x04 (0001ms, 27094ms total)
T0278 8008:638 JLINK_WriteMem(0xE0001050, 0x0004 Bytes, ...) - Data: 00 00 00 00 -- CPU is running -- CPU_WriteMem(4 bytes @ 0xE0001050)  returns 0x04 (0001ms, 27095ms total)
T0278 8008:639 JLINK_WriteMem(0xE0001054, 0x0004 Bytes, ...) - Data: 00 00 00 00 -- CPU is running -- CPU_WriteMem(4 bytes @ 0xE0001054)  returns 0x04 (0001ms, 27096ms total)
T0278 8008:640 JLINK_WriteMem(0xE0001058, 0x0004 Bytes, ...) - Data: 00 00 00 00 -- CPU is running -- CPU_WriteMem(4 bytes @ 0xE0001058)  returns 0x04 (0001ms, 27097ms total)
T0278 8008:641 JLINK_Halt()  returns 0x00 (0008ms, 27105ms total)
T0278 8008:649 JLINK_WriteMem(0x400E0A04, 0x0004 Bytes, ...) - Data: 0B 01 00 5A -- CPU_WriteMem(4 bytes @ 0x400E0A04)  returns 0x04 (0001ms, 27106ms total)
T0278 8008:650 JLINK_ReadMem (0x400E0A08, 0x0004 Bytes, ...) -- CPU_ReadMem(4 bytes @ 0x400E0A08) - Data: 01 00 00 00  returns 0x00 (0001ms, 27107ms total)
T0278 8008:651 JLINK_WriteMem(0x400E0A04, 0x0004 Bytes, ...) - Data: 0C 02 00 5A -- CPU_WriteMem(4 bytes @ 0x400E0A04)  returns 0x04 (0001ms, 27108ms total)
T0278 8008:652 JLINK_ReadMem (0x400E0A08, 0x0004 Bytes, ...) -- CPU_ReadMem(4 bytes @ 0x400E0A08) - Data: 01 00 00 00  returns 0x00 (0001ms, 27109ms total)
T0278 8008:653 JLINK_Reset() -- CPU_ReadMem(16 bytes @ 0x20000000) -- CPU_WriteMem(16 bytes @ 0x20000000) -- CPU_ReadMem(4 bytes @ 0xE000EDFC) -- CPU_WriteMem(4 bytes @ 0xE000EDFC) -- CPU_ReadMem(4 bytes @ 0xE0001000) -- CPU_WriteMem(4 bytes @ 0xE000EDFC) -- CPU_WriteMem(16 bytes @ 0x20000000) -- CPU_WriteMem(4 bytes @ 0xE0002000) -- CPU_ReadMem(4 bytes @ 0xE000EDFC) -- CPU_ReadMem(4 bytes @ 0xE0001000) (0039ms, 27148ms total)
T0278 8008:693 JLINK_JTAG_GetDeviceID(DeviceIndex = 0)  returns 0x4BA00477 (0000ms, 27148ms total)
T0278 8008:693 JLINK_ReadMemU32(0x400E0740, 0x0001 Items, ...) -- CPU_ReadMem(4 bytes @ 0x400E0740) - Data: E0 0E A7 29  returns 0x01 (0001ms, 27149ms total)
T0278 8008:694 JLINK_ReadMemU32(0x400E0744, 0x0001 Items, ...) -- CPU_ReadMem(4 bytes @ 0x400E0744) - Data: 00 00 00 00  returns 0x01 (0001ms, 27150ms total)
T0278 8008:695 JLINK_WriteMem(0x400E0A04, 0x0004 Bytes, ...) - Data: 05 00 00 5A -- CPU_WriteMem(4 bytes @ 0x400E0A04)  returns 0x04 (0001ms, 27151ms total)
T0278 8008:696 JLINK_WriteMem(0x400E0C04, 0x0004 Bytes, ...) - Data: 05 00 00 5A -- CPU_WriteMem(4 bytes @ 0x400E0C04)  returns 0x04 (0001ms, 27152ms total)
T0278 8008:697 JLINK_ReadMem (0x400E0A08, 0x0004 Bytes, ...) -- CPU_ReadMem(4 bytes @ 0x400E0A08) - Data: 00 00 00 00  returns 0x00 (0001ms, 27153ms total)
T0278 8008:699 JLINK_ReadMem (0x400E0A08, 0x0004 Bytes, ...) -- CPU_ReadMem(4 bytes @ 0x400E0A08) - Data: 00 00 00 00  returns 0x00 (0001ms, 27154ms total)
T0DC0 8008:703 JLINK_IsHalted()  returns TRUE (0000ms, 27154ms total)
T0DC0 8008:703 JLINK_GetMOEs(...) -- CPU_ReadMem(4 bytes @ 0xE000ED30) -- CPU_WriteMem(4 bytes @ 0xE000ED30)  returns 0x01 (0002ms, 27156ms total)
T0278 8008:705 JLINK_ReadMem (0x400E0A08, 0x0004 Bytes, ...) -- CPU_ReadMem(4 bytes @ 0x400E0A08) - Data: 00 00 00 00  returns 0x00 (0001ms, 27157ms total)
T0DC0 8008:706 JLINK_ReadReg(R15 (PC))  returns 0x00401104 (0000ms, 27157ms total)
T0278 8008:722 JLINK_ReadMem (0x400E0A08, 0x0004 Bytes, ...) -- CPU_ReadMem(4 bytes @ 0x400E0A08) - Data: 00 00 00 00  returns 0x00 (0001ms, 27158ms total)
T0278 8008:787 JLINK_ReadMem (0x400E0A08, 0x0004 Bytes, ...) -- CPU_ReadMem(4 bytes @ 0x400E0A08) - Data: 00 00 00 00  returns 0x00 (0001ms, 27159ms total)
T0DC0 8008:906 JLINK_IsHalted()  returns TRUE (0000ms, 27159ms total)
T0278 8009:044 JLINK_ReadMem (0x400E0A08, 0x0004 Bytes, ...) -- CPU_ReadMem(4 bytes @ 0x400E0A08) - Data: 00 00 00 00  returns 0x00 (0001ms, 27160ms total)
T0DC0 8009:106 JLINK_IsHalted()  returns TRUE (0000ms, 27160ms total)
T0DC0 8009:306 JLINK_IsHalted()  returns TRUE (0001ms, 27161ms total)
T0DC0 8009:507 JLINK_IsHalted()  returns TRUE (0000ms, 27160ms total)
T0DC0 8009:707 JLINK_IsHalted()  returns TRUE (0001ms, 27161ms total)
T0DC0 8009:908 JLINK_IsHalted()  returns TRUE (0001ms, 27161ms total)
T0278 8010:045 JLINK_ReadMem (0x400E0A08, 0x0004 Bytes, ...) -- CPU_ReadMem(4 bytes @ 0x400E0A08) - Data: 00 00 00 00  returns 0x00 (0001ms, 27161ms total)
T0278 8010:046 JLINK_ReadMem (0x400E0C08, 0x0004 Bytes, ...) -- CPU_ReadMem(4 bytes @ 0x400E0C08) - Data: 00 00 00 00  returns 0x00 (0001ms, 27162ms total)
T0278 8010:048 JLINK_ReadMem (0x400E0C08, 0x0004 Bytes, ...) -- CPU_ReadMem(4 bytes @ 0x400E0C08) - Data: 00 00 00 00  returns 0x00 (0001ms, 27163ms total)
T0278 8010:053 JLINK_ReadMem (0x400E0C08, 0x0004 Bytes, ...) -- CPU_ReadMem(4 bytes @ 0x400E0C08) - Data: 00 00 00 00  returns 0x00 (0001ms, 27164ms total)
T0278 8010:070 JLINK_ReadMem (0x400E0C08, 0x0004 Bytes, ...) -- CPU_ReadMem(4 bytes @ 0x400E0C08) - Data: 00 00 00 00  returns 0x00 (0001ms, 27165ms total)
T0DC0 8010:109 JLINK_IsHalted()  returns TRUE (0000ms, 27165ms total)
T0278 8010:135 JLINK_ReadMem (0x400E0C08, 0x0004 Bytes, ...) -- CPU_ReadMem(4 bytes @ 0x400E0C08) - Data: 00 00 00 00  returns 0x00 (0001ms, 27166ms total)
T0DC0 8010:309 JLINK_IsHalted()  returns TRUE (0000ms, 27166ms total)
T0278 8010:392 JLINK_ReadMem (0x400E0C08, 0x0004 Bytes, ...) -- CPU_ReadMem(4 bytes @ 0x400E0C08) - Data: 00 00 00 00  returns 0x00 (0001ms, 27167ms total)
T0DC0 8010:509 JLINK_IsHalted()  returns TRUE (0001ms, 27168ms total)
T0DC0 8010:710 JLINK_IsHalted()  returns TRUE (0001ms, 27168ms total)
T0DC0 8010:911 JLINK_IsHalted()  returns TRUE (0000ms, 27167ms total)
T0DC0 8011:111 JLINK_IsHalted()  returns TRUE (0001ms, 27168ms total)
T0DC0 8011:312 JLINK_IsHalted()  returns TRUE (0000ms, 27167ms total)
T0278 8011:393 JLINK_ReadMem (0x400E0C08, 0x0004 Bytes, ...) -- CPU_ReadMem(4 bytes @ 0x400E0C08) - Data: 00 00 00 00  returns 0x00 (0001ms, 27168ms total)
T0278 8011:394 JLINK_ReadMem (0x400E0A08, 0x0004 Bytes, ...) -- CPU_ReadMem(4 bytes @ 0x400E0A08) - Data: 00 00 00 00  returns 0x00 (0001ms, 27169ms total)
T0278 8011:396 JLINK_ReadMem (0x400E0A08, 0x0004 Bytes, ...) -- CPU_ReadMem(4 bytes @ 0x400E0A08) - Data: 00 00 00 00  returns 0x00 (0001ms, 27170ms total)
T0278 8011:401 JLINK_ReadMem (0x400E0A08, 0x0004 Bytes, ...) -- CPU_ReadMem(4 bytes @ 0x400E0A08) - Data: 00 00 00 00  returns 0x00 (0001ms, 27171ms total)
T0278 8011:418 JLINK_ReadMem (0x400E0A08, 0x0004 Bytes, ...) -- CPU_ReadMem(4 bytes @ 0x400E0A08) - Data: 00 00 00 00  returns 0x00 (0001ms, 27172ms total)
T0278 8011:483 JLINK_ReadMem (0x400E0A08, 0x0004 Bytes, ...) -- CPU_ReadMem(4 bytes @ 0x400E0A08) - Data: 00 00 00 00  returns 0x00 (0001ms, 27173ms total)
T0DC0 8011:512 JLINK_IsHalted()  returns TRUE (0000ms, 27173ms total)
T0DC0 8011:712 JLINK_IsHalted()  returns TRUE (0002ms, 27175ms total)
T0278 8011:740 JLINK_ReadMem (0x400E0A08, 0x0004 Bytes, ...) -- CPU_ReadMem(4 bytes @ 0x400E0A08) - Data: 00 00 00 00  returns 0x00 (0001ms, 27174ms total)
T0DC0 8011:914 JLINK_IsHalted()  returns TRUE (0000ms, 27174ms total)
T0DC0 8012:114 JLINK_IsHalted()  returns TRUE (0000ms, 27174ms total)
T0DC0 8012:314 JLINK_IsHalted()  returns TRUE (0001ms, 27175ms total)
T0DC0 8012:515 JLINK_IsHalted()  returns TRUE (0000ms, 27174ms total)
T0DC0 8012:715 JLINK_IsHalted()  returns TRUE (0001ms, 27175ms total)
T0278 8012:741 JLINK_ReadMem (0x400E0A08, 0x0004 Bytes, ...) -- CPU_ReadMem(4 bytes @ 0x400E0A08) - Data: 00 00 00 00  returns 0x00 (0001ms, 27175ms total)
T0278 8012:742 JLINK_ReadMem (0x400E0C08, 0x0004 Bytes, ...) -- CPU_ReadMem(4 bytes @ 0x400E0C08) - Data: 00 00 00 00  returns 0x00 (0001ms, 27176ms total)
T0278 8012:744 JLINK_ReadMem (0x400E0C08, 0x0004 Bytes, ...) -- CPU_ReadMem(4 bytes @ 0x400E0C08) - Data: 00 00 00 00  returns 0x00 (0001ms, 27177ms total)
T0278 8012:749 JLINK_ReadMem (0x400E0C08, 0x0004 Bytes, ...) -- CPU_ReadMem(4 bytes @ 0x400E0C08) - Data: 00 00 00 00  returns 0x00 (0001ms, 27178ms total)
T0278 8012:766 JLINK_ReadMem (0x400E0C08, 0x0004 Bytes, ...) -- CPU_ReadMem(4 bytes @ 0x400E0C08) - Data: 00 00 00 00  returns 0x00 (0001ms, 27179ms total)
T0278 8012:831 JLINK_ReadMem (0x400E0C08, 0x0004 Bytes, ...) -- CPU_ReadMem(4 bytes @ 0x400E0C08) - Data: 00 00 00 00  returns 0x00 (0001ms, 27180ms total)
T0DC0 8012:916 JLINK_IsHalted()  returns TRUE (0001ms, 27181ms total)
T0278 8013:088 JLINK_ReadMem (0x400E0C08, 0x0004 Bytes, ...) -- CPU_ReadMem(4 bytes @ 0x400E0C08) - Data: 00 00 00 00  returns 0x00 (0001ms, 27181ms total)
T0DC0 8013:117 JLINK_IsHalted()  returns TRUE (0000ms, 27181ms total)
T0DC0 8013:317 JLINK_IsHalted()  returns TRUE (0000ms, 27181ms total)
T0DC0 8013:517 JLINK_IsHalted()  returns TRUE (0001ms, 27182ms total)
T0DC0 8013:718 JLINK_IsHalted()  returns TRUE (0001ms, 27182ms total)
T0DC0 8013:919 JLINK_IsHalted()  returns TRUE (0000ms, 27181ms total)
T0278 8014:089 JLINK_ReadMem (0x400E0C08, 0x0004 Bytes, ...) -- CPU_ReadMem(4 bytes @ 0x400E0C08) - Data: 01 00 00 00  returns 0x00 (0001ms, 27182ms total)
T0278 8014:090 JLINK_ReadMem (0x400E0A08, 0x0004 Bytes, ...) -- CPU_ReadMem(4 bytes @ 0x400E0A08) - Data: 01 00 00 00  returns 0x00 (0001ms, 27183ms total)
T0DC0 8014:119 JLINK_IsHalted()  returns TRUE (0001ms, 27184ms total)
T0278 8014:120 JLINK_ResetPullsRESET(ON) (0000ms, 27183ms total)
T0278 8014:120 JLINK_ResetNoHalt() >0x2F8 JTAG>TotalIRLen = 4, IRPrint = 0x01 >0x30 JTAG> >0x210 JTAG> >0x70 JTAG> >0x40 JTAG> >0x40 JTAG> >0x40 JTAG> >0x48 JTAG> >0x78 JTAG> >0x40 JTAG> >0x30 JTAG> >0x40 JTAG> >0x40 JTAG> >0x30 JTAG> >0x40 JTAG> >0x48 JTAG>Found Cortex-M4 r0p1, Little endian. -- CPU_WriteMem(4 bytes @ 0xE0002000) -- CPU_ReadMem(4 bytes @ 0xE000EDF0) -- CPU_ReadMem(4 bytes @ 0xE0002000)FPUnit: 6 code (BP) slots and 2 literal slots -- CPU_ReadMem(4 bytes @ 0xE000EDFC)
 -- CPU_ReadMem(4 bytes @ 0xE0001000) -- CPU_ReadMem(4 bytes @ 0xE000ED88) -- CPU_WriteMem(4 bytes @ 0xE000ED88) -- CPU_ReadMem(4 bytes @ 0xE000ED88) -- CPU_WriteMem(4 bytes @ 0xE000ED88)CoreSight components:ROMTbl 0 @ E00FF000 -- CPU_ReadMem(16 bytes @ 0xE00FF000) -- CPU_ReadMem(16 bytes @ 0xE000EFF0) -- CPU_ReadMem(16 bytes @ 0xE000EFE0)ROMTbl 0 [0]: FFF0F000, CID: B105E00D, PID: 000BB000 SCS -- CPU_WriteMem(4 bytes @ 0xE0001000) -- CPU_ReadMem(16 bytes @ 0xE0001FF0)
 -- CPU_ReadMem(16 bytes @ 0xE0001FE0)ROMTbl 0 [1]: FFF02000, CID: B105E00D, PID: 003BB002 DWT -- CPU_ReadMem(16 bytes @ 0xE0002FF0) -- CPU_ReadMem(16 bytes @ 0xE0002FE0)ROMTbl 0 [2]: FFF03000, CID: B105E00D, PID: 002BB003 FPB -- CPU_ReadMem(16 bytes @ 0xE0000FF0) -- CPU_ReadMem(16 bytes @ 0xE0000FE0)ROMTbl 0 [3]: FFF01000, CID: B105E00D, PID: 003BB001 ITM -- CPU_ReadMem(16 bytes @ 0xE00FF010) -- CPU_ReadMem(16 bytes @ 0xE0040FF0) -- CPU_ReadMem(16 bytes @ 0xE0040FE0)
ROMTbl 0 [4]: FFF41000, CID: B105900D, PID: 000BB9A1 TPIU
                JLINK_Reset() -- CPU_ReadMem(16 bytes @ 0x20000000) -- CPU_WriteMem(16 bytes @ 0x20000000) -- CPU_ReadMem(4 bytes @ 0xE000EDFC) -- CPU_WriteMem(4 bytes @ 0xE000EDFC) -- CPU_ReadMem(4 bytes @ 0xE0001000) -- CPU_WriteMem(4 bytes @ 0xE0001004) -- CPU_WriteMem(4 bytes @ 0xE000EDFC) -- CPU_WriteMem(16 bytes @ 0x20000000) -- CPU_WriteMem(4 bytes @ 0xE0002000) -- CPU_ReadMem(4 bytes @ 0xE000EDFC) -- CPU_ReadMem(4 bytes @ 0xE0001000) (0039ms, 0039ms total)
                JLINK_Go() -- CPU_ReadMem(4 bytes @ 0xE0001000) -- CPU_WriteMem(4 bytes @ 0xE0001004) (0003ms, 0042ms total)
               (0085ms, 27268ms total)
T0278 8014:206 JLINK_ExecCommand("ProjectFile = T:\13.00992-3\Entregas\12-TIMER-COUNTER-COMPARE\Timer-Counter\jlink.config", ...)  returns 0x00 (0000ms, 27268ms total)
T0278 8014:211 JLINK_ExecCommand("Device = AT91SAM4SD32C", ...)Device "ATSAM4SD32C" selected.  returns 0x00 (0001ms, 27269ms total)
T0278 8014:212 JLINK_TIF_Select(JLINKARM_TIF_JTAG)  returns 0x00 (0000ms, 27269ms total)
T0278 8014:212 JLINK_GetIdData(...) ScanLen=4 NumDevices=1 aId[0]=0x4BA00477 aIrRead[0]=0 aScanLen[0]=0 aScanRead[0]=0 (0000ms, 27269ms total)
T0278 8014:212 JLINK_ConfigJTAG(IRPre = 0, DRPre = 0) (0000ms, 27269ms total)
T0278 8014:212 JLINK_SetSpeed(4000) (0000ms, 27269ms total)
T0278 8014:212 JLINK_ResetPullsRESET(OFF) (0000ms, 27269ms total)
T0278 8014:212 JLINK_Connect() >0x2F8 JTAG>TotalIRLen = 4, IRPrint = 0x01 >0x30 JTAG> >0x210 JTAG> >0x70 JTAG> >0x40 JTAG> >0x40 JTAG> >0x40 JTAG> >0x48 JTAG> >0x78 JTAG> >0x40 JTAG> >0x30 JTAG> >0x40 JTAG> >0x40 JTAG> >0x30 JTAG> >0x40 JTAG> >0x48 JTAG>Found Cortex-M4 r0p1, Little endian. -- CPU_WriteMem(4 bytes @ 0xE0002000) -- CPU_ReadMem(4 bytes @ 0xE000EDF0) -- CPU_ReadMem(4 bytes @ 0xE0002000)FPUnit: 6 code (BP) slots and 2 literal slots -- CPU_ReadMem(4 bytes @ 0xE000EDFC)
 -- CPU_ReadMem(4 bytes @ 0xE0001000) -- CPU_WriteMem(4 bytes @ 0xE0001000) -- CPU_ReadMem(4 bytes @ 0xE000ED88) -- CPU_WriteMem(4 bytes @ 0xE000ED88) -- CPU_ReadMem(4 bytes @ 0xE000ED88) -- CPU_WriteMem(4 bytes @ 0xE000ED88)CoreSight components:ROMTbl 0 @ E00FF000 -- CPU_ReadMem(16 bytes @ 0xE00FF000) -- CPU_ReadMem(16 bytes @ 0xE000EFF0) -- CPU_ReadMem(16 bytes @ 0xE000EFE0)ROMTbl 0 [0]: FFF0F000, CID: B105E00D, PID: 000BB000 SCS -- CPU_ReadMem(16 bytes @ 0xE0001FF0)
 -- CPU_ReadMem(16 bytes @ 0xE0001FE0)ROMTbl 0 [1]: FFF02000, CID: B105E00D, PID: 003BB002 DWT -- CPU_ReadMem(16 bytes @ 0xE0002FF0) -- CPU_ReadMem(16 bytes @ 0xE0002FE0)ROMTbl 0 [2]: FFF03000, CID: B105E00D, PID: 002BB003 FPB -- CPU_ReadMem(16 bytes @ 0xE0000FF0) -- CPU_ReadMem(16 bytes @ 0xE0000FE0)ROMTbl 0 [3]: FFF01000, CID: B105E00D, PID: 003BB001 ITM -- CPU_ReadMem(16 bytes @ 0xE00FF010) -- CPU_ReadMem(16 bytes @ 0xE0040FF0) -- CPU_ReadMem(16 bytes @ 0xE0040FE0)
ROMTbl 0 [4]: FFF41000, CID: B105900D, PID: 000BB9A1 TPIU  returns 0x00 (0041ms, 27310ms total)
T0278 8014:253 JLINK_WriteMem(0xE0001020, 0x0004 Bytes, ...) - Data: 00 00 00 00 -- CPU is running -- CPU_WriteMem(4 bytes @ 0xE0001020)  returns 0x04 (0002ms, 27312ms total)
T0278 8014:255 JLINK_WriteMem(0xE0001024, 0x0004 Bytes, ...) - Data: 00 00 00 00 -- CPU is running -- CPU_WriteMem(4 bytes @ 0xE0001024)  returns 0x04 (0001ms, 27313ms total)
T0278 8014:256 JLINK_WriteMem(0xE0001028, 0x0004 Bytes, ...) - Data: 00 00 00 00 -- CPU is running -- CPU_WriteMem(4 bytes @ 0xE0001028)  returns 0x04 (0001ms, 27314ms total)
T0278 8014:257 JLINK_WriteMem(0xE0001030, 0x0004 Bytes, ...) - Data: 00 00 00 00 -- CPU is running -- CPU_WriteMem(4 bytes @ 0xE0001030)  returns 0x04 (0001ms, 27315ms total)
T0278 8014:258 JLINK_WriteMem(0xE0001034, 0x0004 Bytes, ...) - Data: 00 00 00 00 -- CPU is running -- CPU_WriteMem(4 bytes @ 0xE0001034)  returns 0x04 (0001ms, 27316ms total)
T0278 8014:259 JLINK_WriteMem(0xE0001038, 0x0004 Bytes, ...) - Data: 00 00 00 00 -- CPU is running -- CPU_WriteMem(4 bytes @ 0xE0001038)  returns 0x04 (0001ms, 27317ms total)
T0278 8014:260 JLINK_WriteMem(0xE0001040, 0x0004 Bytes, ...) - Data: 00 00 00 00 -- CPU is running -- CPU_WriteMem(4 bytes @ 0xE0001040)  returns 0x04 (0001ms, 27318ms total)
T0278 8014:261 JLINK_WriteMem(0xE0001044, 0x0004 Bytes, ...) - Data: 00 00 00 00 -- CPU is running -- CPU_WriteMem(4 bytes @ 0xE0001044)  returns 0x04 (0001ms, 27319ms total)
T0278 8014:262 JLINK_WriteMem(0xE0001048, 0x0004 Bytes, ...) - Data: 00 00 00 00 -- CPU is running -- CPU_WriteMem(4 bytes @ 0xE0001048)  returns 0x04 (0001ms, 27320ms total)
T0278 8014:263 JLINK_WriteMem(0xE0001050, 0x0004 Bytes, ...) - Data: 00 00 00 00 -- CPU is running -- CPU_WriteMem(4 bytes @ 0xE0001050)  returns 0x04 (0001ms, 27321ms total)
T0278 8014:264 JLINK_WriteMem(0xE0001054, 0x0004 Bytes, ...) - Data: 00 00 00 00 -- CPU is running -- CPU_WriteMem(4 bytes @ 0xE0001054)  returns 0x04 (0001ms, 27322ms total)
T0278 8014:265 JLINK_WriteMem(0xE0001058, 0x0004 Bytes, ...) - Data: 00 00 00 00 -- CPU is running -- CPU_WriteMem(4 bytes @ 0xE0001058)  returns 0x04 (0001ms, 27323ms total)
T0278 8014:266 JLINK_Halt()  returns 0x00 (0004ms, 27327ms total)
T0278 8014:270 JLINK_WriteMem(0x400E0A04, 0x0004 Bytes, ...) - Data: 0B 01 00 5A -- CPU_WriteMem(4 bytes @ 0x400E0A04)  returns 0x04 (0001ms, 27328ms total)
T0278 8014:271 JLINK_ReadMem (0x400E0A08, 0x0004 Bytes, ...) -- CPU_ReadMem(4 bytes @ 0x400E0A08) - Data: 01 00 00 00  returns 0x00 (0001ms, 27329ms total)
T0278 8014:272 JLINK_WriteMem(0x400E0A04, 0x0004 Bytes, ...) - Data: 0C 02 00 5A -- CPU_WriteMem(4 bytes @ 0x400E0A04)  returns 0x04 (0001ms, 27330ms total)
T0278 8014:273 JLINK_ReadMem (0x400E0A08, 0x0004 Bytes, ...) -- CPU_ReadMem(4 bytes @ 0x400E0A08) - Data: 01 00 00 00  returns 0x00 (0001ms, 27331ms total)
T0278 8014:274 JLINK_Reset() -- CPU_ReadMem(16 bytes @ 0x20000000) -- CPU_WriteMem(16 bytes @ 0x20000000) -- CPU_ReadMem(4 bytes @ 0xE000EDFC) -- CPU_WriteMem(4 bytes @ 0xE000EDFC) -- CPU_ReadMem(4 bytes @ 0xE0001000) -- CPU_WriteMem(4 bytes @ 0xE000EDFC) -- CPU_WriteMem(16 bytes @ 0x20000000) -- CPU_WriteMem(4 bytes @ 0xE0002000) -- CPU_ReadMem(4 bytes @ 0xE000EDFC) -- CPU_ReadMem(4 bytes @ 0xE0001000) (0029ms, 27360ms total)
T0278 8014:304 JLINK_JTAG_GetDeviceID(DeviceIndex = 0)  returns 0x4BA00477 (0000ms, 27360ms total)
T0278 8014:304 JLINK_ReadMemU32(0x400E0740, 0x0001 Items, ...) -- CPU_ReadMem(4 bytes @ 0x400E0740) - Data: E0 0E A7 29  returns 0x01 (0001ms, 27361ms total)
T0278 8014:305 JLINK_ReadMemU32(0x400E0744, 0x0001 Items, ...) -- CPU_ReadMem(4 bytes @ 0x400E0744) - Data: 00 00 00 00  returns 0x01 (0001ms, 27362ms total)
T0278 8014:309 JLINK_BeginDownload(Flags = 0x00) (0000ms, 27362ms total)
T0278 8014:309 JLINK_WriteMem(0x00400000, 0x2168 Bytes, ...) - Data: D8 34 00 20 05 11 40 00 CD 11 40 00 CD 11 40 00 ...  returns 0x2168 (0001ms, 27363ms total)
T0278 8014:310 JLINK_WriteMem(0x00402168, 0x0438 Bytes, ...) - Data: 01 00 00 00 00 00 20 00 00 09 3D 00 00 00 00 00 ...  returns 0x438 (0000ms, 27363ms total)
T2318 8014:314 JLINK_IsHalted()  returns TRUE (0000ms, 27363ms total)
T2318 8014:314 JLINK_GetMOEs(...) -- CPU_ReadMem(4 bytes @ 0xE000ED30) -- CPU_WriteMem(4 bytes @ 0xE000ED30)  returns 0x01 (0002ms, 27365ms total)
T2318 8014:316 JLINK_ReadReg(R15 (PC)) -- -------------------------------------- -- Start of determining dirty areas in flash cache -- End of determining dirty areas -- Start of preparing flash programming -- Calculating RAM usage -- RAM usage = 2884 Bytes -- Preserving registers -- Preparing memory -- Determining CPU clock frequency -- CPU clock frequency: 4009 kHz -- CPU frequency = 4009 kHz -- Preparing target -- Downloading RAMCode -- Using alternate TurboMode RAMCode -- Checking target RAM
 -- Preparing RAMCode -- End of preparing flash programmingCPU is running at low speed (4009 kHz). -- CPU is running at 4009 kHz. -- Start of comparing flash -- Read back was estimated as fastest method -- Comparing range 0x400000 - 0x4025FF (19 Sectors, 9 KB), using multi-block CRC calculation -- CPU is running -- CPU_ReadMem(512 bytes @ 0x00400000) -- CPU is running -- CPU_ReadMem(512 bytes @ 0x00400200) -- CPU is running -- CPU_ReadMem(512 bytes @ 0x00400400) -- CPU is running
 -- CPU_ReadMem(512 bytes @ 0x00400600) -- CPU is running -- CPU_ReadMem(512 bytes @ 0x00400800) -- CPU is running -- CPU_ReadMem(512 bytes @ 0x00400A00) -- CPU is running -- CPU_ReadMem(512 bytes @ 0x00400C00) -- CPU is running -- CPU_ReadMem(512 bytes @ 0x00400E00) -- CPU is running -- CPU_ReadMem(512 bytes @ 0x00401000) -- CPU is running -- CPU_ReadMem(512 bytes @ 0x00401200) -- CPU is running -- CPU_ReadMem(512 bytes @ 0x00401400) -- CPU is running -- CPU_ReadMem(512 bytes @ 0x00401600)
 -- CPU is running -- CPU_ReadMem(512 bytes @ 0x00401800) -- CPU is running -- CPU_ReadMem(512 bytes @ 0x00401A00) -- CPU is running -- CPU_ReadMem(512 bytes @ 0x00401C00) -- CPU is running -- CPU_ReadMem(512 bytes @ 0x00401E00) -- CPU is running -- CPU_ReadMem(512 bytes @ 0x00402000) -- CPU is running -- CPU_ReadMem(512 bytes @ 0x00402200) -- CPU is running -- CPU_ReadMem(512 bytes @ 0x00402400) -- CRC does not match for sectors 0-18 -- End of comparing flash -- Start of erasing sectors
 -- End of erasing sectors -- Start of flash programming -- Programming range 0x00400000 - 0x004025FF (019 Sectors, 9 KB) -- End of flash programming -- Flash programming performed for 1 range (9728 bytes) -- 0x400000 - 0x4025FF (019 Sectors, 9 KB) -- Start of verifying flash -- Checksum calculation was estimated as fastest method -- End of verifying flash -- Start of restoring -- Restore RAMCode -- Restore content of target memory -- Restore target -- Restore memory -- Restore content of registers
 -- End of restoring -- Total time needed: 0.319s (Prepare: 0.089s, Compare: 0.081s, Erase: 0.000s, Program: 0.135s, Verify: 0.006s, Restore: 0.006s)  returns 0xFFFFFFFE (0322ms, 27687ms total)
T1C28 8014:744 JLINK_Halt()  returns 0x00 (0001ms, 27688ms total)
T1C28 8014:745 JLINK_ReadReg(R15 (PC))  returns 0xFFFFFFFE (0000ms, 27688ms total)
T1C28 8014:745 JLINK_ReadReg(R13 (SP))  returns 0xFFFFFFFC (0000ms, 27688ms total)
T2318 8014:838 JLINK_IsHalted()  returns TRUE (0001ms, 27689ms total)
T1C28 8014:845 JLINK_ReadReg(R0)  returns 0x400E1400 (0000ms, 27688ms total)
T1C28 8014:845 JLINK_ReadReg(R1)  returns 0x40C00000 (0000ms, 27688ms total)
T1C28 8014:845 JLINK_ReadReg(R2)  returns 0xA5000005 (0000ms, 27688ms total)
T1C28 8014:845 JLINK_ReadReg(R3)  returns 0x20000000 (0000ms, 27688ms total)
T1C28 8014:845 JLINK_ReadReg(R4)  returns 0x004005D5 (0000ms, 27688ms total)
T1C28 8014:845 JLINK_ReadReg(R5)  returns 0xF61349E7 (0000ms, 27688ms total)
T1C28 8014:845 JLINK_ReadReg(R6)  returns 0x3C7CF2DB (0000ms, 27688ms total)
T1C28 8014:845 JLINK_ReadReg(R7)  returns 0x20003428 (0000ms, 27688ms total)
T1C28 8014:845 JLINK_ReadReg(R8)  returns 0x125A91F0 (0000ms, 27688ms total)
T1C28 8014:845 JLINK_ReadReg(R9)  returns 0x573B14BD (0000ms, 27688ms total)
T1C28 8014:845 JLINK_ReadReg(R10)  returns 0xAEE2FA67 (0000ms, 27688ms total)
T1C28 8014:845 JLINK_ReadReg(R11)  returns 0x82BD5A01 (0000ms, 27688ms total)
T1C28 8014:845 JLINK_ReadReg(R12)  returns 0x65C018C4 (0000ms, 27688ms total)
T1C28 8014:845 JLINK_ReadReg(R13 (SP))  returns 0xFFFFFFFC (0000ms, 27688ms total)
T1C28 8014:845 JLINK_ReadReg(R14)  returns 0xFFFFFFFF (0000ms, 27688ms total)
T1C28 8014:845 JLINK_ReadReg(R15 (PC))  returns 0xFFFFFFFE (0000ms, 27688ms total)
T1C28 8014:845 JLINK_ReadReg(XPSR)  returns 0x01000000 (0000ms, 27688ms total)
T1C28 8014:845 JLINK_ReadReg(MSP)  returns 0xFFFFFFFC (0000ms, 27688ms total)
T1C28 8014:845 JLINK_ReadReg(PSP)  returns 0x39573770 (0000ms, 27688ms total)
T1C28 8014:845 JLINK_ReadReg(PRIMASK)  returns 0x00000000 (0000ms, 27688ms total)
T1C28 8014:845 JLINK_ReadReg(BASEPRI)  returns 0x00000000 (0000ms, 27688ms total)
T1C28 8014:845 JLINK_ReadReg(FAULTMASK)  returns 0x00000000 (0000ms, 27688ms total)
T1C28 8014:845 JLINK_ReadReg(CONTROL)  returns 0x00000000 (0000ms, 27688ms total)
T1C28 8014:856 JLINK_EndDownload()  returns 0x00 (0000ms, 27688ms total)
T1C28 8014:856 JLINK_Reset() -- CPU_ReadMem(16 bytes @ 0x20000000) -- CPU_WriteMem(16 bytes @ 0x20000000) -- CPU_ReadMem(4 bytes @ 0xE000EDFC) -- CPU_WriteMem(4 bytes @ 0xE000EDFC) -- CPU_ReadMem(4 bytes @ 0xE0001000) -- CPU_WriteMem(4 bytes @ 0xE000EDFC) -- CPU_WriteMem(16 bytes @ 0x20000000) -- CPU_WriteMem(4 bytes @ 0xE0002000) -- CPU_ReadMem(4 bytes @ 0xE000EDFC) -- CPU_ReadMem(4 bytes @ 0xE0001000) (0030ms, 27718ms total)
T2318 8014:886 JLINK_IsHalted()  returns TRUE (0000ms, 27718ms total)
T2318 8014:886 JLINK_GetMOEs(...) -- CPU_ReadMem(4 bytes @ 0xE000ED30) -- CPU_WriteMem(4 bytes @ 0xE000ED30)  returns 0x01 (0002ms, 27720ms total)
T2318 8014:888 JLINK_ReadReg(R15 (PC))  returns 0x00401104 (0000ms, 27720ms total)
T1C28 8014:896 JLINK_ReadReg(R15 (PC))  returns 0x00401104 (0000ms, 27720ms total)
T1C28 8014:896 JLINK_ReadReg(R13 (SP))  returns 0x200034D8 (0000ms, 27720ms total)
T1C28 8014:902 JLINK_ReadMemHW(0x00401104, 0x0004 Bytes, ...) -- CPU_ReadMem(4 bytes @ 0x00401104) - Data: 80 B5 84 B0  returns 0x00 (0001ms, 27721ms total)
T1C28 8014:934 JLINK_ReadMemHW(0x004017EC, 0x0001 Bytes, ...) -- CPU_ReadMem(1 bytes @ 0x004017EC) - Data: 80  returns 0x00 (0001ms, 27722ms total)
T1C28 8014:975 JLINK_ReadReg(R15 (PC))  returns 0x00401104 (0000ms, 27722ms total)
T1C28 8014:975 JLINK_GetNumBPUnits(Type = 0xFFFFFF02)  returns 0x06 (0000ms, 27722ms total)
T1C28 8014:975 JLINK_SetBPEx(Addr = 0x004017EC, Type = 0xFFFFFF02)  returns 0x00000001 (0000ms, 27722ms total)
T1C28 8014:975 JLINK_GetBPInfo(BPHandle = 1)  returns 0x00 (0000ms, 27722ms total)
T1C28 8014:975 JLINK_Go() -- CPU_ReadMem(4 bytes @ 0xE0001000) -- CPU_WriteMem(4 bytes @ 0xE0002008) -- CPU_WriteMem(4 bytes @ 0xE000200C) -- CPU_WriteMem(4 bytes @ 0xE0002010) -- CPU_WriteMem(4 bytes @ 0xE0002014) -- CPU_WriteMem(4 bytes @ 0xE0002018) -- CPU_WriteMem(4 bytes @ 0xE000201C) -- CPU_WriteMem(4 bytes @ 0xE0001004) (0009ms, 27731ms total)
T2318 8014:984 JLINK_IsHalted()  returns FALSE (0001ms, 27732ms total)
T2318 8015:005 JLINK_IsHalted()  returns TRUE (0003ms, 27734ms total)
T2318 8015:008 JLINK_GetMOEs(...) -- CPU_ReadMem(4 bytes @ 0xE000ED30) -- CPU_WriteMem(4 bytes @ 0xE000ED30)  returns 0x01 (0002ms, 27733ms total)
T2318 8015:010 JLINK_ReadReg(R15 (PC))  returns 0x004017EC (0000ms, 27733ms total)
T2318 8015:010 JLINK_GetBPInfo(BPHandle = 1)  returns 0x00 (0001ms, 27734ms total)
T2318 8015:011 JLINK_ClrBPEx(BPHandle = 0x00000001)  returns 0x00 (0000ms, 27734ms total)
T1C28 8015:014 JLINK_ReadReg(R15 (PC))  returns 0x004017EC (0000ms, 27734ms total)
T1C28 8015:014 JLINK_ReadReg(R13 (SP))  returns 0x200034C0 (0000ms, 27734ms total)
T1C28 8015:014 JLINK_ReadMemHW(0x004017EC, 0x0004 Bytes, ...) -- CPU_ReadMem(4 bytes @ 0x004017EC) - Data: 80 B5 00 AF  returns 0x00 (0001ms, 27735ms total)
T1C28 8015:026 JLINK_ReadReg(R15 (PC))  returns 0x004017EC (0000ms, 27735ms total)
T1C28 8015:026 JLINK_Go() -- CPU_ReadMem(4 bytes @ 0xE0001000) -- CPU_WriteMem(4 bytes @ 0xE0002008) (0003ms, 27738ms total)
T2318 8015:029 JLINK_IsHalted()  returns FALSE (0001ms, 27739ms total)
T2318 8015:070 JLINK_IsHalted()  returns FALSE (0001ms, 27739ms total)
T2318 8015:231 JLINK_IsHalted()  returns FALSE (0001ms, 27739ms total)
T2318 8015:873 JLINK_IsHalted()  returns FALSE (0002ms, 27740ms total)
T2318 8016:515 JLINK_IsHalted()  returns FALSE (0001ms, 27739ms total)
T2318 8017:156 JLINK_IsHalted()  returns FALSE (0002ms, 27740ms total)
T2318 8017:798 JLINK_IsHalted()  returns FALSE (0001ms, 27739ms total)
T2318 8018:439 JLINK_IsHalted()  returns FALSE (0002ms, 27740ms total)
T2318 8019:081 JLINK_IsHalted()  returns FALSE (0001ms, 27739ms total)
T2318 8019:722 JLINK_IsHalted()  returns FALSE (0002ms, 27740ms total)
T2318 8020:364 JLINK_IsHalted()  returns FALSE (0001ms, 27739ms total)
T2318 8021:005 JLINK_IsHalted()  returns FALSE (0002ms, 27740ms total)
T2318 8021:647 JLINK_IsHalted()  returns FALSE (0001ms, 27739ms total)
T2318 8022:288 JLINK_IsHalted()  returns FALSE (0002ms, 27740ms total)
T2318 8022:930 JLINK_IsHalted()  returns FALSE (0001ms, 27739ms total)
T2318 8023:571 JLINK_IsHalted()  returns FALSE (0002ms, 27740ms total)
T2318 8024:213 JLINK_IsHalted()  returns FALSE (0001ms, 27739ms total)
T2318 8024:854 JLINK_IsHalted()  returns FALSE (0002ms, 27740ms total)
T2318 8025:496 JLINK_IsHalted()  returns FALSE (0001ms, 27739ms total)
T2318 8026:137 JLINK_IsHalted()  returns FALSE (0002ms, 27740ms total)
T2318 8026:779 JLINK_IsHalted()  returns FALSE (0001ms, 27739ms total)
T2318 8027:420 JLINK_IsHalted()  returns FALSE (0002ms, 27740ms total)
T2318 8028:062 JLINK_IsHalted()  returns FALSE (0002ms, 27740ms total)
T2318 8028:704 JLINK_IsHalted()  returns FALSE (0002ms, 27740ms total)
T2318 8029:346 JLINK_IsHalted()  returns FALSE (0001ms, 27739ms total)
T2318 8029:987 JLINK_IsHalted()  returns FALSE (0002ms, 27740ms total)
T2318 8030:629 JLINK_IsHalted()  returns FALSE (0001ms, 27739ms total)
T2318 8031:270 JLINK_IsHalted()  returns FALSE (0002ms, 27740ms total)
T2318 8031:912 JLINK_IsHalted()  returns FALSE (0001ms, 27739ms total)
T2318 8032:553 JLINK_IsHalted()  returns FALSE (0002ms, 27740ms total)
T2318 8033:196 JLINK_IsHalted()  returns FALSE (0001ms, 27739ms total)
T2318 8033:837 JLINK_IsHalted()  returns FALSE (0002ms, 27740ms total)
T2318 8034:479 JLINK_IsHalted()  returns FALSE (0001ms, 27739ms total)
T2318 8035:120 JLINK_IsHalted()  returns FALSE (0002ms, 27740ms total)
T2318 8035:762 JLINK_IsHalted()  returns FALSE (0001ms, 27739ms total)
T2318 8036:403 JLINK_IsHalted()  returns FALSE (0002ms, 27740ms total)
T2318 8037:045 JLINK_IsHalted()  returns FALSE (0001ms, 27739ms total)
T2318 8037:686 JLINK_IsHalted()  returns FALSE (0002ms, 27740ms total)
T2318 8038:328 JLINK_IsHalted()  returns FALSE (0001ms, 27739ms total)
T2318 8038:969 JLINK_IsHalted()  returns FALSE (0002ms, 27740ms total)
T1C28 8039:359 JLINK_Halt()  returns 0x00 (0004ms, 27742ms total)
T2318 8039:611 JLINK_IsHalted()  returns TRUE (0001ms, 27743ms total)
T2318 8039:612 JLINK_GetMOEs(...) -- CPU_ReadMem(4 bytes @ 0xE000ED30) -- CPU_WriteMem(4 bytes @ 0xE000ED30)  returns 0x01 (0002ms, 27744ms total)
T2318 8039:614 JLINK_ReadReg(R15 (PC))  returns 0x00400C62 (0000ms, 27744ms total)
T0278 8039:614 JLINK_ResetPullsRESET(ON) (0000ms, 27744ms total)
T0278 8039:614 JLINK_ResetNoHalt() >0x2F8 JTAG>TotalIRLen = 4, IRPrint = 0x01 >0x30 JTAG> >0x210 JTAG> >0x70 JTAG> >0x40 JTAG> >0x40 JTAG> >0x40 JTAG> >0x48 JTAG> >0x78 JTAG> >0x40 JTAG> >0x30 JTAG> >0x40 JTAG> >0x40 JTAG> >0x30 JTAG> >0x40 JTAG> >0x48 JTAG>Found Cortex-M4 r0p1, Little endian. -- CPU_WriteMem(4 bytes @ 0xE0002000) -- CPU_ReadMem(4 bytes @ 0xE000EDF0) -- CPU_ReadMem(4 bytes @ 0xE0002000)FPUnit: 6 code (BP) slots and 2 literal slots -- CPU_ReadMem(4 bytes @ 0xE000EDFC)
 -- CPU_ReadMem(4 bytes @ 0xE0001000) -- CPU_ReadMem(4 bytes @ 0xE000ED88) -- CPU_WriteMem(4 bytes @ 0xE000ED88) -- CPU_ReadMem(4 bytes @ 0xE000ED88) -- CPU_WriteMem(4 bytes @ 0xE000ED88)CoreSight components:ROMTbl 0 @ E00FF000 -- CPU_ReadMem(16 bytes @ 0xE00FF000) -- CPU_ReadMem(16 bytes @ 0xE000EFF0) -- CPU_ReadMem(16 bytes @ 0xE000EFE0)ROMTbl 0 [0]: FFF0F000, CID: B105E00D, PID: 000BB000 SCS -- CPU_WriteMem(4 bytes @ 0xE0001000) -- CPU_ReadMem(16 bytes @ 0xE0001FF0)
 -- CPU_ReadMem(16 bytes @ 0xE0001FE0)ROMTbl 0 [1]: FFF02000, CID: B105E00D, PID: 003BB002 DWT -- CPU_ReadMem(16 bytes @ 0xE0002FF0) -- CPU_ReadMem(16 bytes @ 0xE0002FE0)ROMTbl 0 [2]: FFF03000, CID: B105E00D, PID: 002BB003 FPB -- CPU_ReadMem(16 bytes @ 0xE0000FF0) -- CPU_ReadMem(16 bytes @ 0xE0000FE0)ROMTbl 0 [3]: FFF01000, CID: B105E00D, PID: 003BB001 ITM -- CPU_ReadMem(16 bytes @ 0xE00FF010) -- CPU_ReadMem(16 bytes @ 0xE0040FF0) -- CPU_ReadMem(16 bytes @ 0xE0040FE0)
ROMTbl 0 [4]: FFF41000, CID: B105900D, PID: 000BB9A1 TPIU
                JLINK_Reset() -- CPU_ReadMem(16 bytes @ 0x20000000) -- CPU_WriteMem(16 bytes @ 0x20000000) -- CPU_ReadMem(4 bytes @ 0xE000EDFC) -- CPU_WriteMem(4 bytes @ 0xE000EDFC) -- CPU_ReadMem(4 bytes @ 0xE0001000) -- CPU_WriteMem(4 bytes @ 0xE000EDFC) -- CPU_WriteMem(16 bytes @ 0x20000000) -- CPU_WriteMem(4 bytes @ 0xE0002000) -- CPU_ReadMem(4 bytes @ 0xE000EDFC) -- CPU_ReadMem(4 bytes @ 0xE0001000) (0030ms, 0030ms total)
                JLINK_Go() -- CPU_ReadMem(4 bytes @ 0xE0001000) -- CPU_WriteMem(4 bytes @ 0xE0002008) -- CPU_WriteMem(4 bytes @ 0xE000200C) -- CPU_WriteMem(4 bytes @ 0xE0002010) -- CPU_WriteMem(4 bytes @ 0xE0002014) -- CPU_WriteMem(4 bytes @ 0xE0002018) -- CPU_WriteMem(4 bytes @ 0xE000201C) -- CPU_WriteMem(4 bytes @ 0xE0001004) (0009ms, 0039ms total)
               (0080ms, 27824ms total)
T0278 8039:700 JLINK_Close() -- CPU is running -- CPU_WriteMem(4 bytes @ 0xE0002008) -- CPU is running -- CPU_WriteMem(4 bytes @ 0xE000200C) -- CPU is running -- CPU_WriteMem(4 bytes @ 0xE0002010) -- CPU is running -- CPU_WriteMem(4 bytes @ 0xE0002014) -- CPU is running -- CPU_WriteMem(4 bytes @ 0xE0002018) -- CPU is running -- CPU_WriteMem(4 bytes @ 0xE000201C) >0x78 JTAG> >0x08 JTAG> (0012ms, 27836ms total)
T0278 8039:700  (0012ms, 27836ms total)
T0278 8039:700 Closed (0012ms, 27836ms total)
