T0B7C 2332:295 SEGGER J-Link V4.98e Log File (0001ms, 25373ms total)
T0B7C 2332:295 DLL Compiled: May  5 2015 11:00:52 (0001ms, 25373ms total)
T0B7C 2332:295 Logging started @ 2016-04-20 18:15 (0001ms, 25373ms total)
T0B7C 2332:304 JLINK_ExecCommand("Device = AT91SAM4SD32C", ...)Device "ATSAM4SD32C" selected.  returns 0x00 (0001ms, 25374ms total)
T0B7C 2332:426 JLINK_ExecCommand("ProjectFile = T:\EEN251\EEN251\Codigos\11 - INTERRUPCAO_PIO\jlink.config", ...)  returns 0x00 (0000ms, 25374ms total)
T0B7C 2332:434 JLINK_ExecCommand("Device = AT91SAM4SD32C", ...)Device "ATSAM4SD32C" selected.  returns 0x00 (0001ms, 25375ms total)
T0B7C 2332:435 JLINK_TIF_Select(JLINKARM_TIF_JTAG)  returns 0x00 (0006ms, 25381ms total)
T0B7C 2332:441 JLINK_GetIdData(...) >0x2F8 JTAG>TotalIRLen = 4, IRPrint = 0x01 >0x30 JTAG> >0x210 JTAG> >0x70 JTAG> >0x40 JTAG> >0x40 JTAG> >0x40 JTAG> >0x48 JTAG> >0x78 JTAG> >0x40 JTAG> >0x30 JTAG> >0x40 JTAG> >0x40 JTAG> >0x30 JTAG> >0x40 JTAG> >0x48 JTAG>Found Cortex-M4 r0p1, Little endian. -- CPU_WriteMem(4 bytes @ 0xE0002000) -- CPU_ReadMem(4 bytes @ 0xE000EDF0) -- CPU_ReadMem(4 bytes @ 0xE0002000)FPUnit: 6 code (BP) slots and 2 literal slots -- CPU_ReadMem(4 bytes @ 0xE000EDFC)
 -- CPU_ReadMem(4 bytes @ 0xE0001000) -- CPU_WriteMem(4 bytes @ 0xE0001000) -- CPU_ReadMem(4 bytes @ 0xE000ED88) -- CPU_WriteMem(4 bytes @ 0xE000ED88) -- CPU_ReadMem(4 bytes @ 0xE000ED88) -- CPU_WriteMem(4 bytes @ 0xE000ED88)CoreSight components:ROMTbl 0 @ E00FF000 -- CPU_ReadMem(16 bytes @ 0xE00FF000) -- CPU_ReadMem(16 bytes @ 0xE000EFF0) -- CPU_ReadMem(16 bytes @ 0xE000EFE0)ROMTbl 0 [0]: FFF0F000, CID: B105E00D, PID: 000BB000 SCS -- CPU_ReadMem(16 bytes @ 0xE0001FF0)
 -- CPU_ReadMem(16 bytes @ 0xE0001FE0)ROMTbl 0 [1]: FFF02000, CID: B105E00D, PID: 003BB002 DWT -- CPU_ReadMem(16 bytes @ 0xE0002FF0) -- CPU_ReadMem(16 bytes @ 0xE0002FE0)ROMTbl 0 [2]: FFF03000, CID: B105E00D, PID: 002BB003 FPB -- CPU_ReadMem(16 bytes @ 0xE0000FF0) -- CPU_ReadMem(16 bytes @ 0xE0000FE0)ROMTbl 0 [3]: FFF01000, CID: B105E00D, PID: 003BB001 ITM -- CPU_ReadMem(16 bytes @ 0xE00FF010) -- CPU_ReadMem(16 bytes @ 0xE0040FF0) -- CPU_ReadMem(16 bytes @ 0xE0040FE0)
ROMTbl 0 [4]: FFF41000, CID: B105900D, PID: 000BB9A1 TPIU ScanLen=4 NumDevices=1 aId[0]=0x4BA00477 aIrRead[0]=0 aScanLen[0]=0 aScanRead[0]=0 (0047ms, 25428ms total)
T0B7C 2332:488 JLINK_ConfigJTAG(IRPre = 0, DRPre = 0) (0000ms, 25428ms total)
T0B7C 2332:488 JLINK_SetSpeed(1000) (0001ms, 25429ms total)
T0B7C 2332:489 JLINK_ResetPullsRESET(OFF) (0000ms, 25429ms total)
T0B7C 2332:489 JLINK_Connect() >0x2F8 JTAG>TotalIRLen = 4, IRPrint = 0x01 >0x30 JTAG> >0x210 JTAG> >0x70 JTAG> >0x40 JTAG> >0x40 JTAG> >0x40 JTAG> >0x48 JTAG> >0x78 JTAG> >0x40 JTAG> >0x30 JTAG> >0x40 JTAG> >0x40 JTAG> >0x30 JTAG> >0x40 JTAG> >0x48 JTAG>Found Cortex-M4 r0p1, Little endian. -- CPU_WriteMem(4 bytes @ 0xE0002000) -- CPU_ReadMem(4 bytes @ 0xE000EDF0) -- CPU_ReadMem(4 bytes @ 0xE0002000)FPUnit: 6 code (BP) slots and 2 literal slots -- CPU_ReadMem(4 bytes @ 0xE000EDFC)
 -- CPU_ReadMem(4 bytes @ 0xE0001000) -- CPU_WriteMem(4 bytes @ 0xE0001000) -- CPU_ReadMem(4 bytes @ 0xE000ED88) -- CPU_WriteMem(4 bytes @ 0xE000ED88) -- CPU_ReadMem(4 bytes @ 0xE000ED88) -- CPU_WriteMem(4 bytes @ 0xE000ED88)CoreSight components:ROMTbl 0 @ E00FF000 -- CPU_ReadMem(16 bytes @ 0xE00FF000) -- CPU_ReadMem(16 bytes @ 0xE000EFF0) -- CPU_ReadMem(16 bytes @ 0xE000EFE0)ROMTbl 0 [0]: FFF0F000, CID: B105E00D, PID: 000BB000 SCS -- CPU_ReadMem(16 bytes @ 0xE0001FF0)
 -- CPU_ReadMem(16 bytes @ 0xE0001FE0)ROMTbl 0 [1]: FFF02000, CID: B105E00D, PID: 003BB002 DWT -- CPU_ReadMem(16 bytes @ 0xE0002FF0) -- CPU_ReadMem(16 bytes @ 0xE0002FE0)ROMTbl 0 [2]: FFF03000, CID: B105E00D, PID: 002BB003 FPB -- CPU_ReadMem(16 bytes @ 0xE0000FF0) -- CPU_ReadMem(16 bytes @ 0xE0000FE0)ROMTbl 0 [3]: FFF01000, CID: B105E00D, PID: 003BB001 ITM -- CPU_ReadMem(16 bytes @ 0xE00FF010) -- CPU_ReadMem(16 bytes @ 0xE0040FF0) -- CPU_ReadMem(16 bytes @ 0xE0040FE0)
ROMTbl 0 [4]: FFF41000, CID: B105900D, PID: 000BB9A1 TPIU  returns 0x00 (0047ms, 25476ms total)
T0B7C 2332:536 JLINK_GetDebugInfo(0x100) -- Value=0xE00FF003  returns 0x00 (0001ms, 25477ms total)
T0B7C 2332:537 JLINK_ReadMem (0xE00FFFF0, 0x0010 Bytes, ...) -- CPU is running -- CPU_ReadMem(16 bytes @ 0xE00FFFF0) - Data: 0D 00 00 00 10 00 00 00 05 00 00 00 B1 00 00 00  returns 0x00 (0002ms, 25479ms total)
T0B7C 2332:539 JLINK_ReadMem (0xE00FFFD0, 0x0020 Bytes, ...) -- CPU is running -- CPU_ReadMem(32 bytes @ 0xE00FFFD0) - Data: 04 00 00 00 00 00 00 00 00 00 00 00 00 00 00 00 ...  returns 0x00 (0002ms, 25481ms total)
T0B7C 2332:541 JLINK_ReadMemU32(0xE00FF000, 0x0001 Items, ...) -- CPU is running -- CPU_ReadMem(4 bytes @ 0xE00FF000) - Data: 03 F0 F0 FF  returns 0x01 (0001ms, 25482ms total)
T0B7C 2332:542 JLINK_ReadMem (0xE000EFF0, 0x0010 Bytes, ...) -- CPU is running -- CPU_ReadMem(16 bytes @ 0xE000EFF0) - Data: 0D 00 00 00 E0 00 00 00 05 00 00 00 B1 00 00 00  returns 0x00 (0001ms, 25483ms total)
T0B7C 2332:543 JLINK_ReadMem (0xE000EFD0, 0x0020 Bytes, ...) -- CPU is running -- CPU_ReadMem(32 bytes @ 0xE000EFD0) - Data: 04 00 00 00 00 00 00 00 00 00 00 00 00 00 00 00 ...  returns 0x00 (0002ms, 25485ms total)
T0B7C 2332:545 JLINK_ReadMemU32(0xE00FF004, 0x0001 Items, ...) -- CPU is running -- CPU_ReadMem(4 bytes @ 0xE00FF004) - Data: 03 20 F0 FF  returns 0x01 (0001ms, 25486ms total)
T0B7C 2332:546 JLINK_ReadMem (0xE0001FF0, 0x0010 Bytes, ...) -- CPU is running -- CPU_ReadMem(16 bytes @ 0xE0001FF0) - Data: 0D 00 00 00 E0 00 00 00 05 00 00 00 B1 00 00 00  returns 0x00 (0001ms, 25487ms total)
T0B7C 2332:547 JLINK_ReadMem (0xE0001FD0, 0x0020 Bytes, ...) -- CPU is running -- CPU_ReadMem(32 bytes @ 0xE0001FD0) - Data: 04 00 00 00 00 00 00 00 00 00 00 00 00 00 00 00 ...  returns 0x00 (0002ms, 25489ms total)
T0B7C 2332:549 JLINK_ReadMemU32(0xE00FF008, 0x0001 Items, ...) -- CPU is running -- CPU_ReadMem(4 bytes @ 0xE00FF008) - Data: 03 30 F0 FF  returns 0x01 (0001ms, 25490ms total)
T0B7C 2332:550 JLINK_ReadMem (0xE0002FF0, 0x0010 Bytes, ...) -- CPU is running -- CPU_ReadMem(16 bytes @ 0xE0002FF0) - Data: 0D 00 00 00 E0 00 00 00 05 00 00 00 B1 00 00 00  returns 0x00 (0001ms, 25491ms total)
T0B7C 2332:551 JLINK_ReadMem (0xE0002FD0, 0x0020 Bytes, ...) -- CPU is running -- CPU_ReadMem(32 bytes @ 0xE0002FD0) - Data: 04 00 00 00 00 00 00 00 00 00 00 00 00 00 00 00 ...  returns 0x00 (0002ms, 25493ms total)
T0B7C 2332:553 JLINK_ReadMemU32(0xE00FF00C, 0x0001 Items, ...) -- CPU is running -- CPU_ReadMem(4 bytes @ 0xE00FF00C) - Data: 03 10 F0 FF  returns 0x01 (0001ms, 25494ms total)
T0B7C 2332:554 JLINK_ReadMem (0xE0000FF0, 0x0010 Bytes, ...) -- CPU is running -- CPU_ReadMem(16 bytes @ 0xE0000FF0) - Data: 0D 00 00 00 E0 00 00 00 05 00 00 00 B1 00 00 00  returns 0x00 (0001ms, 25495ms total)
T0B7C 2332:555 JLINK_ReadMem (0xE0000FD0, 0x0020 Bytes, ...) -- CPU is running -- CPU_ReadMem(32 bytes @ 0xE0000FD0) - Data: 04 00 00 00 00 00 00 00 00 00 00 00 00 00 00 00 ...  returns 0x00 (0002ms, 25497ms total)
T0B7C 2332:557 JLINK_ReadMemU32(0xE00FF010, 0x0001 Items, ...) -- CPU is running -- CPU_ReadMem(4 bytes @ 0xE00FF010) - Data: 03 10 F4 FF  returns 0x01 (0001ms, 25498ms total)
T0B7C 2332:558 JLINK_ReadMem (0xE0040FF0, 0x0010 Bytes, ...) -- CPU is running -- CPU_ReadMem(16 bytes @ 0xE0040FF0) - Data: 0D 00 00 00 90 00 00 00 05 00 00 00 B1 00 00 00  returns 0x00 (0001ms, 25499ms total)
T0B7C 2332:559 JLINK_ReadMem (0xE0040FD0, 0x0020 Bytes, ...) -- CPU is running -- CPU_ReadMem(32 bytes @ 0xE0040FD0) - Data: 04 00 00 00 00 00 00 00 00 00 00 00 00 00 00 00 ...  returns 0x00 (0002ms, 25501ms total)
T0B7C 2332:561 JLINK_ReadMemU32(0xE00FF014, 0x0001 Items, ...) -- CPU is running -- CPU_ReadMem(4 bytes @ 0xE00FF014) - Data: 02 20 F4 FF  returns 0x01 (0001ms, 25502ms total)
T0B7C 2332:562 JLINK_ReadMemU32(0xE00FF018, 0x0001 Items, ...) -- CPU is running -- CPU_ReadMem(4 bytes @ 0xE00FF018) - Data: 00 00 00 00  returns 0x01 (0001ms, 25503ms total)
T0B7C 2332:563 JLINK_ReadMem (0xE0001000, 0x0004 Bytes, ...) -- CPU is running -- CPU_ReadMem(4 bytes @ 0xE0001000) - Data: 01 00 00 40  returns 0x00 (0001ms, 25504ms total)
T0B7C 2332:564 JLINK_ReadMem (0xE0001000, 0x0004 Bytes, ...) -- CPU is running -- CPU_ReadMem(4 bytes @ 0xE0001000) - Data: 01 00 00 40  returns 0x00 (0001ms, 25505ms total)
T0B7C 2332:565 JLINK_ReadMem (0xE0001028, 0x0004 Bytes, ...) -- CPU is running -- CPU_ReadMem(4 bytes @ 0xE0001028) - Data: 00 00 00 00  returns 0x00 (0001ms, 25506ms total)
T0B7C 2332:566 JLINK_WriteMem(0xE0001028, 0x0004 Bytes, ...) - Data: 00 01 00 00 -- CPU is running -- CPU_WriteMem(4 bytes @ 0xE0001028)  returns 0x04 (0001ms, 25507ms total)
T0B7C 2332:567 JLINK_ReadMem (0xE0001028, 0x0004 Bytes, ...) -- CPU is running -- CPU_ReadMem(4 bytes @ 0xE0001028) - Data: 00 00 00 00  returns 0x00 (0001ms, 25508ms total)
T0B7C 2332:568 JLINK_ReadMem (0xE0001038, 0x0004 Bytes, ...) -- CPU is running -- CPU_ReadMem(4 bytes @ 0xE0001038) - Data: 00 02 00 00  returns 0x00 (0001ms, 25509ms total)
T0B7C 2332:569 JLINK_WriteMem(0xE0001038, 0x0004 Bytes, ...) - Data: 00 03 00 00 -- CPU is running -- CPU_WriteMem(4 bytes @ 0xE0001038)  returns 0x04 (0001ms, 25510ms total)
T0B7C 2332:570 JLINK_ReadMem (0xE0001038, 0x0004 Bytes, ...) -- CPU is running -- CPU_ReadMem(4 bytes @ 0xE0001038) - Data: 00 03 00 00  returns 0x00 (0001ms, 25511ms total)
T0B7C 2332:571 JLINK_ReadMem (0xE0001048, 0x0004 Bytes, ...) -- CPU is running -- CPU_ReadMem(4 bytes @ 0xE0001048) - Data: 00 00 00 00  returns 0x00 (0001ms, 25512ms total)
T0B7C 2332:572 JLINK_WriteMem(0xE0001048, 0x0004 Bytes, ...) - Data: 00 01 00 00 -- CPU is running -- CPU_WriteMem(4 bytes @ 0xE0001048)  returns 0x04 (0001ms, 25513ms total)
T0B7C 2332:573 JLINK_ReadMem (0xE0001048, 0x0004 Bytes, ...) -- CPU is running -- CPU_ReadMem(4 bytes @ 0xE0001048) - Data: 00 00 00 00  returns 0x00 (0001ms, 25514ms total)
T0B7C 2332:574 JLINK_ReadMem (0xE0001058, 0x0004 Bytes, ...) -- CPU is running -- CPU_ReadMem(4 bytes @ 0xE0001058) - Data: 00 00 00 00  returns 0x00 (0001ms, 25515ms total)
T0B7C 2332:575 JLINK_WriteMem(0xE0001058, 0x0004 Bytes, ...) - Data: 00 01 00 00 -- CPU is running -- CPU_WriteMem(4 bytes @ 0xE0001058)  returns 0x04 (0001ms, 25516ms total)
T0B7C 2332:576 JLINK_ReadMem (0xE0001058, 0x0004 Bytes, ...) -- CPU is running -- CPU_ReadMem(4 bytes @ 0xE0001058) - Data: 00 00 00 00  returns 0x00 (0001ms, 25517ms total)
T0B7C 2332:577 JLINK_ReadMem (0xE0001024, 0x0004 Bytes, ...) -- CPU is running -- CPU_ReadMem(4 bytes @ 0xE0001024) - Data: 00 00 00 00  returns 0x00 (0001ms, 25518ms total)
T0B7C 2332:578 JLINK_WriteMem(0xE0001024, 0x0004 Bytes, ...) - Data: 1F 00 00 00 -- CPU is running -- CPU_WriteMem(4 bytes @ 0xE0001024)  returns 0x04 (0001ms, 25519ms total)
T0B7C 2332:579 JLINK_ReadMem (0xE0001024, 0x0004 Bytes, ...) -- CPU is running -- CPU_ReadMem(4 bytes @ 0xE0001024) - Data: 0F 00 00 00  returns 0x00 (0001ms, 25520ms total)
T0B7C 2332:580 JLINK_ReadMem (0xE0001034, 0x0004 Bytes, ...) -- CPU is running -- CPU_ReadMem(4 bytes @ 0xE0001034) - Data: 00 00 00 00  returns 0x00 (0001ms, 25521ms total)
T0B7C 2332:581 JLINK_WriteMem(0xE0001034, 0x0004 Bytes, ...) - Data: 1F 00 00 00 -- CPU is running -- CPU_WriteMem(4 bytes @ 0xE0001034)  returns 0x04 (0001ms, 25522ms total)
T0B7C 2332:582 JLINK_ReadMem (0xE0001034, 0x0004 Bytes, ...) -- CPU is running -- CPU_ReadMem(4 bytes @ 0xE0001034) - Data: 0F 00 00 00  returns 0x00 (0001ms, 25523ms total)
T0B7C 2332:583 JLINK_ReadMem (0xE0001044, 0x0004 Bytes, ...) -- CPU is running -- CPU_ReadMem(4 bytes @ 0xE0001044) - Data: 00 00 00 00  returns 0x00 (0001ms, 25524ms total)
T0B7C 2332:584 JLINK_WriteMem(0xE0001044, 0x0004 Bytes, ...) - Data: 1F 00 00 00 -- CPU is running -- CPU_WriteMem(4 bytes @ 0xE0001044)  returns 0x04 (0001ms, 25525ms total)
T0B7C 2332:585 JLINK_ReadMem (0xE0001044, 0x0004 Bytes, ...) -- CPU is running -- CPU_ReadMem(4 bytes @ 0xE0001044) - Data: 0F 00 00 00  returns 0x00 (0001ms, 25526ms total)
T0B7C 2332:586 JLINK_ReadMem (0xE0001054, 0x0004 Bytes, ...) -- CPU is running -- CPU_ReadMem(4 bytes @ 0xE0001054) - Data: 00 00 00 00  returns 0x00 (0001ms, 25527ms total)
T0B7C 2332:587 JLINK_WriteMem(0xE0001054, 0x0004 Bytes, ...) - Data: 1F 00 00 00 -- CPU is running -- CPU_WriteMem(4 bytes @ 0xE0001054)  returns 0x04 (0001ms, 25528ms total)
T0B7C 2332:588 JLINK_ReadMem (0xE0001054, 0x0004 Bytes, ...) -- CPU is running -- CPU_ReadMem(4 bytes @ 0xE0001054) - Data: 0F 00 00 00  returns 0x00 (0001ms, 25529ms total)
T0B7C 2332:589 JLINK_ReadMem (0xE0001028, 0x0004 Bytes, ...) -- CPU is running -- CPU_ReadMem(4 bytes @ 0xE0001028) - Data: 00 00 00 00  returns 0x00 (0001ms, 25530ms total)
T0B7C 2332:590 JLINK_ReadMem (0xE0001038, 0x0004 Bytes, ...) -- CPU is running -- CPU_ReadMem(4 bytes @ 0xE0001038) - Data: 00 03 00 00  returns 0x00 (0001ms, 25531ms total)
T0B7C 2332:591 JLINK_ReadMem (0xE0001048, 0x0004 Bytes, ...) -- CPU is running -- CPU_ReadMem(4 bytes @ 0xE0001048) - Data: 00 00 00 00  returns 0x00 (0001ms, 25532ms total)
T0B7C 2332:592 JLINK_ReadMem (0xE0001058, 0x0004 Bytes, ...) -- CPU is running -- CPU_ReadMem(4 bytes @ 0xE0001058) - Data: 00 00 00 00  returns 0x00 (0001ms, 25533ms total)
T0B7C 2332:593 JLINK_WriteMem(0xE0001020, 0x0004 Bytes, ...) - Data: 00 00 00 00 -- CPU is running -- CPU_WriteMem(4 bytes @ 0xE0001020)  returns 0x04 (0001ms, 25534ms total)
T0B7C 2332:594 JLINK_WriteMem(0xE0001024, 0x0004 Bytes, ...) - Data: 00 00 00 00 -- CPU is running -- CPU_WriteMem(4 bytes @ 0xE0001024)  returns 0x04 (0001ms, 25535ms total)
T0B7C 2332:595 JLINK_WriteMem(0xE0001028, 0x0004 Bytes, ...) - Data: 00 00 00 00 -- CPU is running -- CPU_WriteMem(4 bytes @ 0xE0001028)  returns 0x04 (0001ms, 25536ms total)
T0B7C 2332:596 JLINK_WriteMem(0xE0001030, 0x0004 Bytes, ...) - Data: 00 00 00 00 -- CPU is running -- CPU_WriteMem(4 bytes @ 0xE0001030)  returns 0x04 (0001ms, 25537ms total)
T0B7C 2332:597 JLINK_WriteMem(0xE0001034, 0x0004 Bytes, ...) - Data: 00 00 00 00 -- CPU is running -- CPU_WriteMem(4 bytes @ 0xE0001034)  returns 0x04 (0001ms, 25538ms total)
T0B7C 2332:598 JLINK_WriteMem(0xE0001038, 0x0004 Bytes, ...) - Data: 00 00 00 00 -- CPU is running -- CPU_WriteMem(4 bytes @ 0xE0001038)  returns 0x04 (0001ms, 25539ms total)
T0B7C 2332:599 JLINK_WriteMem(0xE0001040, 0x0004 Bytes, ...) - Data: 00 00 00 00 -- CPU is running -- CPU_WriteMem(4 bytes @ 0xE0001040)  returns 0x04 (0001ms, 25540ms total)
T0B7C 2332:600 JLINK_WriteMem(0xE0001044, 0x0004 Bytes, ...) - Data: 00 00 00 00 -- CPU is running -- CPU_WriteMem(4 bytes @ 0xE0001044)  returns 0x04 (0001ms, 25541ms total)
T0B7C 2332:601 JLINK_WriteMem(0xE0001048, 0x0004 Bytes, ...) - Data: 00 00 00 00 -- CPU is running -- CPU_WriteMem(4 bytes @ 0xE0001048)  returns 0x04 (0001ms, 25542ms total)
T0B7C 2332:602 JLINK_WriteMem(0xE0001050, 0x0004 Bytes, ...) - Data: 00 00 00 00 -- CPU is running -- CPU_WriteMem(4 bytes @ 0xE0001050)  returns 0x04 (0001ms, 25543ms total)
T0B7C 2332:603 JLINK_WriteMem(0xE0001054, 0x0004 Bytes, ...) - Data: 00 00 00 00 -- CPU is running -- CPU_WriteMem(4 bytes @ 0xE0001054)  returns 0x04 (0001ms, 25544ms total)
T0B7C 2332:604 JLINK_WriteMem(0xE0001058, 0x0004 Bytes, ...) - Data: 00 00 00 00 -- CPU is running -- CPU_WriteMem(4 bytes @ 0xE0001058)  returns 0x04 (0001ms, 25545ms total)
T0B7C 2332:605 JLINK_Halt()  returns 0x00 (0008ms, 25553ms total)
T0B7C 2332:613 JLINK_WriteMem(0x400E0A04, 0x0004 Bytes, ...) - Data: 0B 01 00 5A -- CPU_WriteMem(4 bytes @ 0x400E0A04)  returns 0x04 (0001ms, 25554ms total)
T0B7C 2332:614 JLINK_ReadMem (0x400E0A08, 0x0004 Bytes, ...) -- CPU_ReadMem(4 bytes @ 0x400E0A08) - Data: 01 00 00 00  returns 0x00 (0001ms, 25555ms total)
T0B7C 2332:615 JLINK_WriteMem(0x400E0A04, 0x0004 Bytes, ...) - Data: 0C 02 00 5A -- CPU_WriteMem(4 bytes @ 0x400E0A04)  returns 0x04 (0001ms, 25556ms total)
T0B7C 2332:616 JLINK_ReadMem (0x400E0A08, 0x0004 Bytes, ...) -- CPU_ReadMem(4 bytes @ 0x400E0A08) - Data: 01 00 00 00  returns 0x00 (0001ms, 25557ms total)
T0B7C 2332:617 JLINK_Reset() -- CPU_ReadMem(16 bytes @ 0x20000000) -- CPU_WriteMem(16 bytes @ 0x20000000) -- CPU_ReadMem(4 bytes @ 0xE000EDFC) -- CPU_WriteMem(4 bytes @ 0xE000EDFC) -- CPU_ReadMem(4 bytes @ 0xE0001000) -- CPU_WriteMem(4 bytes @ 0xE000EDFC) -- CPU_WriteMem(16 bytes @ 0x20000000) -- CPU_WriteMem(4 bytes @ 0xE0002000) -- CPU_ReadMem(4 bytes @ 0xE000EDFC) -- CPU_ReadMem(4 bytes @ 0xE0001000) (0039ms, 25596ms total)
T0B7C 2332:657 JLINK_JTAG_GetDeviceID(DeviceIndex = 0)  returns 0x4BA00477 (0000ms, 25596ms total)
T0B7C 2332:657 JLINK_ReadMemU32(0x400E0740, 0x0001 Items, ...) -- CPU_ReadMem(4 bytes @ 0x400E0740) - Data: E0 0E A7 29  returns 0x01 (0001ms, 25597ms total)
T0B7C 2332:658 JLINK_ReadMemU32(0x400E0744, 0x0001 Items, ...) -- CPU_ReadMem(4 bytes @ 0x400E0744) - Data: 00 00 00 00  returns 0x01 (0001ms, 25598ms total)
T0B7C 2332:659 JLINK_WriteMem(0x400E0A04, 0x0004 Bytes, ...) - Data: 05 00 00 5A -- CPU_WriteMem(4 bytes @ 0x400E0A04)  returns 0x04 (0001ms, 25599ms total)
T0B7C 2332:660 JLINK_WriteMem(0x400E0C04, 0x0004 Bytes, ...) - Data: 05 00 00 5A -- CPU_WriteMem(4 bytes @ 0x400E0C04)  returns 0x04 (0001ms, 25600ms total)
T0B7C 2332:661 JLINK_ReadMem (0x400E0A08, 0x0004 Bytes, ...) -- CPU_ReadMem(4 bytes @ 0x400E0A08) - Data: 00 00 00 00  returns 0x00 (0001ms, 25601ms total)
T0B7C 2332:663 JLINK_ReadMem (0x400E0A08, 0x0004 Bytes, ...) -- CPU_ReadMem(4 bytes @ 0x400E0A08) - Data: 00 00 00 00  returns 0x00 (0001ms, 25602ms total)
T1308 2332:667 JLINK_IsHalted()  returns TRUE (0000ms, 25602ms total)
T1308 2332:667 JLINK_GetMOEs(...) -- CPU_ReadMem(4 bytes @ 0xE000ED30) -- CPU_WriteMem(4 bytes @ 0xE000ED30)  returns 0x01 (0002ms, 25604ms total)
T0B7C 2332:669 JLINK_ReadMem (0x400E0A08, 0x0004 Bytes, ...) -- CPU_ReadMem(4 bytes @ 0x400E0A08) - Data: 00 00 00 00  returns 0x00 (0001ms, 25605ms total)
T1308 2332:670 JLINK_ReadReg(R15 (PC))  returns 0x00400F94 (0000ms, 25605ms total)
T0B7C 2332:686 JLINK_ReadMem (0x400E0A08, 0x0004 Bytes, ...) -- CPU_ReadMem(4 bytes @ 0x400E0A08) - Data: 00 00 00 00  returns 0x00 (0001ms, 25606ms total)
T0B7C 2332:751 JLINK_ReadMem (0x400E0A08, 0x0004 Bytes, ...) -- CPU_ReadMem(4 bytes @ 0x400E0A08) - Data: 00 00 00 00  returns 0x00 (0001ms, 25607ms total)
T1308 2332:870 JLINK_IsHalted()  returns TRUE (0000ms, 25607ms total)
T0B7C 2333:008 JLINK_ReadMem (0x400E0A08, 0x0004 Bytes, ...) -- CPU_ReadMem(4 bytes @ 0x400E0A08) - Data: 00 00 00 00  returns 0x00 (0001ms, 25608ms total)
T1308 2333:070 JLINK_IsHalted()  returns TRUE (0000ms, 25608ms total)
T1308 2333:270 JLINK_IsHalted()  returns TRUE (0001ms, 25609ms total)
T1308 2333:471 JLINK_IsHalted()  returns TRUE (0000ms, 25608ms total)
T1308 2333:671 JLINK_IsHalted()  returns TRUE (0001ms, 25609ms total)
T1308 2333:872 JLINK_IsHalted()  returns TRUE (0001ms, 25609ms total)
T0B7C 2334:009 JLINK_ReadMem (0x400E0A08, 0x0004 Bytes, ...) -- CPU_ReadMem(4 bytes @ 0x400E0A08) - Data: 00 00 00 00  returns 0x00 (0001ms, 25609ms total)
T0B7C 2334:010 JLINK_ReadMem (0x400E0C08, 0x0004 Bytes, ...) -- CPU_ReadMem(4 bytes @ 0x400E0C08) - Data: 00 00 00 00  returns 0x00 (0001ms, 25610ms total)
T0B7C 2334:012 JLINK_ReadMem (0x400E0C08, 0x0004 Bytes, ...) -- CPU_ReadMem(4 bytes @ 0x400E0C08) - Data: 00 00 00 00  returns 0x00 (0001ms, 25611ms total)
T0B7C 2334:017 JLINK_ReadMem (0x400E0C08, 0x0004 Bytes, ...) -- CPU_ReadMem(4 bytes @ 0x400E0C08) - Data: 00 00 00 00  returns 0x00 (0001ms, 25612ms total)
T0B7C 2334:034 JLINK_ReadMem (0x400E0C08, 0x0004 Bytes, ...) -- CPU_ReadMem(4 bytes @ 0x400E0C08) - Data: 00 00 00 00  returns 0x00 (0001ms, 25613ms total)
T1308 2334:073 JLINK_IsHalted()  returns TRUE (0000ms, 25613ms total)
T0B7C 2334:099 JLINK_ReadMem (0x400E0C08, 0x0004 Bytes, ...) -- CPU_ReadMem(4 bytes @ 0x400E0C08) - Data: 00 00 00 00  returns 0x00 (0001ms, 25614ms total)
T1308 2334:273 JLINK_IsHalted()  returns TRUE (0000ms, 25614ms total)
T0B7C 2334:356 JLINK_ReadMem (0x400E0C08, 0x0004 Bytes, ...) -- CPU_ReadMem(4 bytes @ 0x400E0C08) - Data: 00 00 00 00  returns 0x00 (0001ms, 25615ms total)
T1308 2334:473 JLINK_IsHalted()  returns TRUE (0001ms, 25616ms total)
T1308 2334:674 JLINK_IsHalted()  returns TRUE (0001ms, 25616ms total)
T1308 2334:875 JLINK_IsHalted()  returns TRUE (0000ms, 25615ms total)
T1308 2335:075 JLINK_IsHalted()  returns TRUE (0001ms, 25616ms total)
T1308 2335:276 JLINK_IsHalted()  returns TRUE (0000ms, 25615ms total)
T0B7C 2335:357 JLINK_ReadMem (0x400E0C08, 0x0004 Bytes, ...) -- CPU_ReadMem(4 bytes @ 0x400E0C08) - Data: 00 00 00 00  returns 0x00 (0001ms, 25616ms total)
T0B7C 2335:358 JLINK_ReadMem (0x400E0A08, 0x0004 Bytes, ...) -- CPU_ReadMem(4 bytes @ 0x400E0A08) - Data: 00 00 00 00  returns 0x00 (0001ms, 25617ms total)
T0B7C 2335:360 JLINK_ReadMem (0x400E0A08, 0x0004 Bytes, ...) -- CPU_ReadMem(4 bytes @ 0x400E0A08) - Data: 00 00 00 00  returns 0x00 (0001ms, 25618ms total)
T0B7C 2335:365 JLINK_ReadMem (0x400E0A08, 0x0004 Bytes, ...) -- CPU_ReadMem(4 bytes @ 0x400E0A08) - Data: 00 00 00 00  returns 0x00 (0001ms, 25619ms total)
T0B7C 2335:382 JLINK_ReadMem (0x400E0A08, 0x0004 Bytes, ...) -- CPU_ReadMem(4 bytes @ 0x400E0A08) - Data: 00 00 00 00  returns 0x00 (0001ms, 25620ms total)
T0B7C 2335:447 JLINK_ReadMem (0x400E0A08, 0x0004 Bytes, ...) -- CPU_ReadMem(4 bytes @ 0x400E0A08) - Data: 00 00 00 00  returns 0x00 (0001ms, 25621ms total)
T1308 2335:476 JLINK_IsHalted()  returns TRUE (0000ms, 25621ms total)
T1308 2335:676 JLINK_IsHalted()  returns TRUE (0002ms, 25623ms total)
T0B7C 2335:704 JLINK_ReadMem (0x400E0A08, 0x0004 Bytes, ...) -- CPU_ReadMem(4 bytes @ 0x400E0A08) - Data: 00 00 00 00  returns 0x00 (0001ms, 25622ms total)
T1308 2335:878 JLINK_IsHalted()  returns TRUE (0000ms, 25622ms total)
T1308 2336:078 JLINK_IsHalted()  returns TRUE (0000ms, 25622ms total)
T1308 2336:278 JLINK_IsHalted()  returns TRUE (0001ms, 25623ms total)
T1308 2336:479 JLINK_IsHalted()  returns TRUE (0000ms, 25622ms total)
T1308 2336:679 JLINK_IsHalted()  returns TRUE (0001ms, 25623ms total)
T0B7C 2336:705 JLINK_ReadMem (0x400E0A08, 0x0004 Bytes, ...) -- CPU_ReadMem(4 bytes @ 0x400E0A08) - Data: 00 00 00 00  returns 0x00 (0001ms, 25623ms total)
T0B7C 2336:706 JLINK_ReadMem (0x400E0C08, 0x0004 Bytes, ...) -- CPU_ReadMem(4 bytes @ 0x400E0C08) - Data: 00 00 00 00  returns 0x00 (0001ms, 25624ms total)
T0B7C 2336:708 JLINK_ReadMem (0x400E0C08, 0x0004 Bytes, ...) -- CPU_ReadMem(4 bytes @ 0x400E0C08) - Data: 00 00 00 00  returns 0x00 (0001ms, 25625ms total)
T0B7C 2336:713 JLINK_ReadMem (0x400E0C08, 0x0004 Bytes, ...) -- CPU_ReadMem(4 bytes @ 0x400E0C08) - Data: 00 00 00 00  returns 0x00 (0001ms, 25626ms total)
T0B7C 2336:730 JLINK_ReadMem (0x400E0C08, 0x0004 Bytes, ...) -- CPU_ReadMem(4 bytes @ 0x400E0C08) - Data: 00 00 00 00  returns 0x00 (0001ms, 25627ms total)
T0B7C 2336:795 JLINK_ReadMem (0x400E0C08, 0x0004 Bytes, ...) -- CPU_ReadMem(4 bytes @ 0x400E0C08) - Data: 00 00 00 00  returns 0x00 (0001ms, 25628ms total)
T1308 2336:880 JLINK_IsHalted()  returns TRUE (0001ms, 25629ms total)
T0B7C 2337:052 JLINK_ReadMem (0x400E0C08, 0x0004 Bytes, ...) -- CPU_ReadMem(4 bytes @ 0x400E0C08) - Data: 00 00 00 00  returns 0x00 (0001ms, 25629ms total)
T1308 2337:081 JLINK_IsHalted()  returns TRUE (0000ms, 25629ms total)
T1308 2337:281 JLINK_IsHalted()  returns TRUE (0000ms, 25629ms total)
T1308 2337:481 JLINK_IsHalted()  returns TRUE (0001ms, 25630ms total)
T1308 2337:682 JLINK_IsHalted()  returns TRUE (0001ms, 25630ms total)
T1308 2337:883 JLINK_IsHalted()  returns TRUE (0000ms, 25629ms total)
T0B7C 2338:053 JLINK_ReadMem (0x400E0C08, 0x0004 Bytes, ...) -- CPU_ReadMem(4 bytes @ 0x400E0C08) - Data: 01 00 00 00  returns 0x00 (0001ms, 25630ms total)
T0B7C 2338:054 JLINK_ReadMem (0x400E0A08, 0x0004 Bytes, ...) -- CPU_ReadMem(4 bytes @ 0x400E0A08) - Data: 01 00 00 00  returns 0x00 (0001ms, 25631ms total)
T1308 2338:083 JLINK_IsHalted()  returns TRUE (0001ms, 25632ms total)
T0B7C 2338:085 JLINK_ResetPullsRESET(ON) (0000ms, 25631ms total)
T0B7C 2338:085 JLINK_ResetNoHalt() >0x2F8 JTAG>TotalIRLen = 4, IRPrint = 0x01 >0x30 JTAG> >0x210 JTAG> >0x70 JTAG> >0x40 JTAG> >0x40 JTAG> >0x40 JTAG> >0x48 JTAG> >0x78 JTAG> >0x40 JTAG> >0x30 JTAG> >0x40 JTAG> >0x40 JTAG> >0x30 JTAG> >0x40 JTAG> >0x48 JTAG>Found Cortex-M4 r0p1, Little endian. -- CPU_WriteMem(4 bytes @ 0xE0002000) -- CPU_ReadMem(4 bytes @ 0xE000EDF0) -- CPU_ReadMem(4 bytes @ 0xE0002000)FPUnit: 6 code (BP) slots and 2 literal slots -- CPU_ReadMem(4 bytes @ 0xE000EDFC)
 -- CPU_ReadMem(4 bytes @ 0xE0001000) -- CPU_ReadMem(4 bytes @ 0xE000ED88) -- CPU_WriteMem(4 bytes @ 0xE000ED88) -- CPU_ReadMem(4 bytes @ 0xE000ED88) -- CPU_WriteMem(4 bytes @ 0xE000ED88)CoreSight components:ROMTbl 0 @ E00FF000 -- CPU_ReadMem(16 bytes @ 0xE00FF000) -- CPU_ReadMem(16 bytes @ 0xE000EFF0) -- CPU_ReadMem(16 bytes @ 0xE000EFE0)ROMTbl 0 [0]: FFF0F000, CID: B105E00D, PID: 000BB000 SCS -- CPU_WriteMem(4 bytes @ 0xE0001000) -- CPU_ReadMem(16 bytes @ 0xE0001FF0)
 -- CPU_ReadMem(16 bytes @ 0xE0001FE0)ROMTbl 0 [1]: FFF02000, CID: B105E00D, PID: 003BB002 DWT -- CPU_ReadMem(16 bytes @ 0xE0002FF0) -- CPU_ReadMem(16 bytes @ 0xE0002FE0)ROMTbl 0 [2]: FFF03000, CID: B105E00D, PID: 002BB003 FPB -- CPU_ReadMem(16 bytes @ 0xE0000FF0) -- CPU_ReadMem(16 bytes @ 0xE0000FE0)ROMTbl 0 [3]: FFF01000, CID: B105E00D, PID: 003BB001 ITM -- CPU_ReadMem(16 bytes @ 0xE00FF010) -- CPU_ReadMem(16 bytes @ 0xE0040FF0) -- CPU_ReadMem(16 bytes @ 0xE0040FE0)
ROMTbl 0 [4]: FFF41000, CID: B105900D, PID: 000BB9A1 TPIU
                JLINK_Reset() -- CPU_ReadMem(16 bytes @ 0x20000000) -- CPU_WriteMem(16 bytes @ 0x20000000) -- CPU_ReadMem(4 bytes @ 0xE000EDFC) -- CPU_WriteMem(4 bytes @ 0xE000EDFC) -- CPU_ReadMem(4 bytes @ 0xE0001000) -- CPU_WriteMem(4 bytes @ 0xE0001004) -- CPU_WriteMem(4 bytes @ 0xE000EDFC) -- CPU_WriteMem(16 bytes @ 0x20000000) -- CPU_WriteMem(4 bytes @ 0xE0002000) -- CPU_ReadMem(4 bytes @ 0xE000EDFC) -- CPU_ReadMem(4 bytes @ 0xE0001000) (0039ms, 0039ms total)
                JLINK_Go() -- CPU_ReadMem(4 bytes @ 0xE0001000) -- CPU_WriteMem(4 bytes @ 0xE0001004) (0003ms, 0042ms total)
               (0084ms, 25715ms total)
T0B7C 2338:169 JLINK_ExecCommand("ProjectFile = T:\EEN251\EEN251\Codigos\11 - INTERRUPCAO_PIO\jlink.config", ...)  returns 0x00 (0001ms, 25716ms total)
T0B7C 2338:178 JLINK_ExecCommand("Device = AT91SAM4SD32C", ...)Device "ATSAM4SD32C" selected.  returns 0x00 (0000ms, 25716ms total)
T0B7C 2338:178 JLINK_TIF_Select(JLINKARM_TIF_JTAG)  returns 0x00 (0000ms, 25716ms total)
T0B7C 2338:178 JLINK_GetIdData(...) ScanLen=4 NumDevices=1 aId[0]=0x4BA00477 aIrRead[0]=0 aScanLen[0]=0 aScanRead[0]=0 (0000ms, 25716ms total)
T0B7C 2338:178 JLINK_ConfigJTAG(IRPre = 0, DRPre = 0) (0000ms, 25716ms total)
T0B7C 2338:178 JLINK_SetSpeed(4000) (0000ms, 25716ms total)
T0B7C 2338:178 JLINK_ResetPullsRESET(OFF) (0000ms, 25716ms total)
T0B7C 2338:178 JLINK_Connect() >0x2F8 JTAG>TotalIRLen = 4, IRPrint = 0x01 >0x30 JTAG> >0x210 JTAG> >0x70 JTAG> >0x40 JTAG> >0x40 JTAG> >0x40 JTAG> >0x48 JTAG> >0x78 JTAG> >0x40 JTAG> >0x30 JTAG> >0x40 JTAG> >0x40 JTAG> >0x30 JTAG> >0x40 JTAG> >0x48 JTAG>Found Cortex-M4 r0p1, Little endian. -- CPU_WriteMem(4 bytes @ 0xE0002000) -- CPU_ReadMem(4 bytes @ 0xE000EDF0) -- CPU_ReadMem(4 bytes @ 0xE0002000)FPUnit: 6 code (BP) slots and 2 literal slots -- CPU_ReadMem(4 bytes @ 0xE000EDFC)
 -- CPU_ReadMem(4 bytes @ 0xE0001000) -- CPU_WriteMem(4 bytes @ 0xE0001000) -- CPU_ReadMem(4 bytes @ 0xE000ED88) -- CPU_WriteMem(4 bytes @ 0xE000ED88) -- CPU_ReadMem(4 bytes @ 0xE000ED88) -- CPU_WriteMem(4 bytes @ 0xE000ED88)CoreSight components:ROMTbl 0 @ E00FF000 -- CPU_ReadMem(16 bytes @ 0xE00FF000) -- CPU_ReadMem(16 bytes @ 0xE000EFF0) -- CPU_ReadMem(16 bytes @ 0xE000EFE0)ROMTbl 0 [0]: FFF0F000, CID: B105E00D, PID: 000BB000 SCS -- CPU_ReadMem(16 bytes @ 0xE0001FF0)
 -- CPU_ReadMem(16 bytes @ 0xE0001FE0)ROMTbl 0 [1]: FFF02000, CID: B105E00D, PID: 003BB002 DWT -- CPU_ReadMem(16 bytes @ 0xE0002FF0) -- CPU_ReadMem(16 bytes @ 0xE0002FE0)ROMTbl 0 [2]: FFF03000, CID: B105E00D, PID: 002BB003 FPB -- CPU_ReadMem(16 bytes @ 0xE0000FF0) -- CPU_ReadMem(16 bytes @ 0xE0000FE0)ROMTbl 0 [3]: FFF01000, CID: B105E00D, PID: 003BB001 ITM -- CPU_ReadMem(16 bytes @ 0xE00FF010) -- CPU_ReadMem(16 bytes @ 0xE0040FF0) -- CPU_ReadMem(16 bytes @ 0xE0040FE0)
ROMTbl 0 [4]: FFF41000, CID: B105900D, PID: 000BB9A1 TPIU  returns 0x00 (0042ms, 25758ms total)
T0B7C 2338:220 JLINK_WriteMem(0xE0001020, 0x0004 Bytes, ...) - Data: 00 00 00 00 -- CPU is running -- CPU_WriteMem(4 bytes @ 0xE0001020)  returns 0x04 (0002ms, 25760ms total)
T0B7C 2338:222 JLINK_WriteMem(0xE0001024, 0x0004 Bytes, ...) - Data: 00 00 00 00 -- CPU is running -- CPU_WriteMem(4 bytes @ 0xE0001024)  returns 0x04 (0001ms, 25761ms total)
T0B7C 2338:223 JLINK_WriteMem(0xE0001028, 0x0004 Bytes, ...) - Data: 00 00 00 00 -- CPU is running -- CPU_WriteMem(4 bytes @ 0xE0001028)  returns 0x04 (0001ms, 25762ms total)
T0B7C 2338:224 JLINK_WriteMem(0xE0001030, 0x0004 Bytes, ...) - Data: 00 00 00 00 -- CPU is running -- CPU_WriteMem(4 bytes @ 0xE0001030)  returns 0x04 (0001ms, 25763ms total)
T0B7C 2338:225 JLINK_WriteMem(0xE0001034, 0x0004 Bytes, ...) - Data: 00 00 00 00 -- CPU is running -- CPU_WriteMem(4 bytes @ 0xE0001034)  returns 0x04 (0001ms, 25764ms total)
T0B7C 2338:226 JLINK_WriteMem(0xE0001038, 0x0004 Bytes, ...) - Data: 00 00 00 00 -- CPU is running -- CPU_WriteMem(4 bytes @ 0xE0001038)  returns 0x04 (0001ms, 25765ms total)
T0B7C 2338:227 JLINK_WriteMem(0xE0001040, 0x0004 Bytes, ...) - Data: 00 00 00 00 -- CPU is running -- CPU_WriteMem(4 bytes @ 0xE0001040)  returns 0x04 (0001ms, 25766ms total)
T0B7C 2338:228 JLINK_WriteMem(0xE0001044, 0x0004 Bytes, ...) - Data: 00 00 00 00 -- CPU is running -- CPU_WriteMem(4 bytes @ 0xE0001044)  returns 0x04 (0001ms, 25767ms total)
T0B7C 2338:229 JLINK_WriteMem(0xE0001048, 0x0004 Bytes, ...) - Data: 00 00 00 00 -- CPU is running -- CPU_WriteMem(4 bytes @ 0xE0001048)  returns 0x04 (0001ms, 25768ms total)
T0B7C 2338:230 JLINK_WriteMem(0xE0001050, 0x0004 Bytes, ...) - Data: 00 00 00 00 -- CPU is running -- CPU_WriteMem(4 bytes @ 0xE0001050)  returns 0x04 (0001ms, 25769ms total)
T0B7C 2338:231 JLINK_WriteMem(0xE0001054, 0x0004 Bytes, ...) - Data: 00 00 00 00 -- CPU is running -- CPU_WriteMem(4 bytes @ 0xE0001054)  returns 0x04 (0001ms, 25770ms total)
T0B7C 2338:232 JLINK_WriteMem(0xE0001058, 0x0004 Bytes, ...) - Data: 00 00 00 00 -- CPU is running -- CPU_WriteMem(4 bytes @ 0xE0001058)  returns 0x04 (0001ms, 25771ms total)
T0B7C 2338:234 JLINK_Halt()  returns 0x00 (0003ms, 25774ms total)
T0B7C 2338:237 JLINK_WriteMem(0x400E0A04, 0x0004 Bytes, ...) - Data: 0B 01 00 5A -- CPU_WriteMem(4 bytes @ 0x400E0A04)  returns 0x04 (0001ms, 25775ms total)
T0B7C 2338:238 JLINK_ReadMem (0x400E0A08, 0x0004 Bytes, ...) -- CPU_ReadMem(4 bytes @ 0x400E0A08) - Data: 01 00 00 00  returns 0x00 (0001ms, 25776ms total)
T0B7C 2338:239 JLINK_WriteMem(0x400E0A04, 0x0004 Bytes, ...) - Data: 0C 02 00 5A -- CPU_WriteMem(4 bytes @ 0x400E0A04)  returns 0x04 (0001ms, 25777ms total)
T0B7C 2338:240 JLINK_ReadMem (0x400E0A08, 0x0004 Bytes, ...) -- CPU_ReadMem(4 bytes @ 0x400E0A08) - Data: 01 00 00 00  returns 0x00 (0001ms, 25778ms total)
T0B7C 2338:241 JLINK_Reset() -- CPU_ReadMem(16 bytes @ 0x20000000) -- CPU_WriteMem(16 bytes @ 0x20000000) -- CPU_ReadMem(4 bytes @ 0xE000EDFC) -- CPU_WriteMem(4 bytes @ 0xE000EDFC) -- CPU_ReadMem(4 bytes @ 0xE0001000) -- CPU_WriteMem(4 bytes @ 0xE000EDFC) -- CPU_WriteMem(16 bytes @ 0x20000000) -- CPU_WriteMem(4 bytes @ 0xE0002000) -- CPU_ReadMem(4 bytes @ 0xE000EDFC) -- CPU_ReadMem(4 bytes @ 0xE0001000) (0029ms, 25807ms total)
T0B7C 2338:271 JLINK_JTAG_GetDeviceID(DeviceIndex = 0)  returns 0x4BA00477 (0000ms, 25807ms total)
T0B7C 2338:271 JLINK_ReadMemU32(0x400E0740, 0x0001 Items, ...) -- CPU_ReadMem(4 bytes @ 0x400E0740) - Data: E0 0E A7 29  returns 0x01 (0001ms, 25808ms total)
T0B7C 2338:272 JLINK_ReadMemU32(0x400E0744, 0x0001 Items, ...) -- CPU_ReadMem(4 bytes @ 0x400E0744) - Data: 00 00 00 00  returns 0x01 (0001ms, 25809ms total)
T0B7C 2338:276 JLINK_BeginDownload(Flags = 0x00) (0000ms, 25809ms total)
T0B7C 2338:276 JLINK_WriteMem(0x00400000, 0x1E28 Bytes, ...) - Data: F0 34 00 20 95 0F 40 00 5D 10 40 00 5D 10 40 00 ...  returns 0x1E28 (0001ms, 25810ms total)
T0B7C 2338:277 JLINK_WriteMem(0x00401E28, 0x0008 Bytes, ...) - Data: 8C F9 FF 7F 01 00 00 00  returns 0x08 (0000ms, 25810ms total)
T0B7C 2338:277 JLINK_WriteMem(0x00401E30, 0x0450 Bytes, ...) - Data: 80 B4 83 B0 00 AF 78 60 BF F3 5F 8F 01 38 FB D1 ...  returns 0x450 (0000ms, 25810ms total)
T1C04 2338:281 JLINK_IsHalted()  returns TRUE (0000ms, 25810ms total)
T1C04 2338:281 JLINK_GetMOEs(...) -- CPU_ReadMem(4 bytes @ 0xE000ED30) -- CPU_WriteMem(4 bytes @ 0xE000ED30)  returns 0x01 (0002ms, 25812ms total)
T1C04 2338:283 JLINK_ReadReg(R15 (PC)) -- -------------------------------------- -- Start of determining dirty areas in flash cache -- End of determining dirty areas -- Start of preparing flash programming -- Calculating RAM usage -- RAM usage = 2884 Bytes -- Preserving registers -- Preparing memory -- Determining CPU clock frequency -- CPU clock frequency: 4015 kHz -- CPU frequency = 4015 kHz -- Preparing target -- Downloading RAMCode -- Using alternate TurboMode RAMCode -- Checking target RAM
 -- Preparing RAMCode -- End of preparing flash programmingCPU is running at low speed (4015 kHz). -- CPU is running at 4015 kHz. -- Start of comparing flash -- Read back was estimated as fastest method -- Comparing range 0x400000 - 0x4023FF (18 Sectors, 9 KB), using multi-block CRC calculation -- CPU is running -- CPU_ReadMem(512 bytes @ 0x00400000) -- CPU is running -- CPU_ReadMem(512 bytes @ 0x00400200) -- CPU is running -- CPU_ReadMem(512 bytes @ 0x00400400) -- CPU is running
 -- CPU_ReadMem(512 bytes @ 0x00400600) -- CPU is running -- CPU_ReadMem(512 bytes @ 0x00400800) -- CPU is running -- CPU_ReadMem(512 bytes @ 0x00400A00) -- CPU is running -- CPU_ReadMem(512 bytes @ 0x00400C00) -- CPU is running -- CPU_ReadMem(512 bytes @ 0x00400E00) -- CPU is running -- CPU_ReadMem(512 bytes @ 0x00401000) -- CPU is running -- CPU_ReadMem(512 bytes @ 0x00401200) -- CPU is running -- CPU_ReadMem(512 bytes @ 0x00401400) -- CPU is running -- CPU_ReadMem(512 bytes @ 0x00401600)
 -- CPU is running -- CPU_ReadMem(512 bytes @ 0x00401800) -- CPU is running -- CPU_ReadMem(512 bytes @ 0x00401A00) -- CPU is running -- CPU_ReadMem(512 bytes @ 0x00401C00) -- CPU is running -- CPU_ReadMem(512 bytes @ 0x00401E00) -- CPU is running -- CPU_ReadMem(512 bytes @ 0x00402000) -- CPU is running -- CPU_ReadMem(512 bytes @ 0x00402200) -- CRC does not match for sectors 0-17 -- End of comparing flash -- Start of erasing sectors -- End of erasing sectors -- Start of flash programming
 -- Programming range 0x00400000 - 0x004023FF (018 Sectors, 9 KB) -- End of flash programming -- Flash programming performed for 1 range (9216 bytes) -- 0x400000 - 0x4023FF (018 Sectors, 9 KB) -- Start of verifying flash -- Checksum calculation was estimated as fastest method -- End of verifying flash -- Start of restoring -- Restore RAMCode -- Restore content of target memory -- Restore target -- Restore memory -- Restore content of registers -- End of restoring
 -- Total time needed: 0.307s (Prepare: 0.089s, Compare: 0.077s, Erase: 0.000s, Program: 0.128s, Verify: 0.005s, Restore: 0.006s)  returns 0xFFFFFFFE (0310ms, 26122ms total)
T1F00 2338:698 JLINK_Halt()  returns 0x00 (0001ms, 26123ms total)
T1F00 2338:699 JLINK_ReadReg(R15 (PC))  returns 0xFFFFFFFE (0000ms, 26123ms total)
T1F00 2338:699 JLINK_ReadReg(R13 (SP))  returns 0xFFFFFFFC (0000ms, 26123ms total)
T1C04 2338:793 JLINK_IsHalted()  returns TRUE (0001ms, 26124ms total)
T1F00 2338:800 JLINK_ReadReg(R0)  returns 0x400E1400 (0000ms, 26123ms total)
T1F00 2338:801 JLINK_ReadReg(R1)  returns 0x40C00000 (0000ms, 26123ms total)
T1F00 2338:801 JLINK_ReadReg(R2)  returns 0xA5000005 (0000ms, 26123ms total)
T1F00 2338:801 JLINK_ReadReg(R3)  returns 0x2000001C (0000ms, 26123ms total)
T1F00 2338:801 JLINK_ReadReg(R4)  returns 0xAEA54000 (0000ms, 26123ms total)
T1F00 2338:801 JLINK_ReadReg(R5)  returns 0x00000002 (0000ms, 26123ms total)
T1F00 2338:801 JLINK_ReadReg(R6)  returns 0x00401635 (0000ms, 26123ms total)
T1F00 2338:801 JLINK_ReadReg(R7)  returns 0x20003430 (0000ms, 26123ms total)
T1F00 2338:801 JLINK_ReadReg(R8)  returns 0xAEA54000 (0000ms, 26123ms total)
T1F00 2338:801 JLINK_ReadReg(R9)  returns 0x00000002 (0000ms, 26123ms total)
T1F00 2338:801 JLINK_ReadReg(R10)  returns 0xAEEAFA67 (0000ms, 26123ms total)
T1F00 2338:801 JLINK_ReadReg(R11)  returns 0x823D7A09 (0000ms, 26123ms total)
T1F00 2338:801 JLINK_ReadReg(R12)  returns 0x200034A8 (0000ms, 26123ms total)
T1F00 2338:801 JLINK_ReadReg(R13 (SP))  returns 0xFFFFFFFC (0000ms, 26123ms total)
T1F00 2338:801 JLINK_ReadReg(R14)  returns 0xFFFFFFFF (0000ms, 26123ms total)
T1F00 2338:801 JLINK_ReadReg(R15 (PC))  returns 0xFFFFFFFE (0000ms, 26123ms total)
T1F00 2338:801 JLINK_ReadReg(XPSR)  returns 0x01000000 (0000ms, 26123ms total)
T1F00 2338:801 JLINK_ReadReg(MSP)  returns 0xFFFFFFFC (0000ms, 26123ms total)
T1F00 2338:801 JLINK_ReadReg(PSP)  returns 0x39773770 (0000ms, 26123ms total)
T1F00 2338:801 JLINK_ReadReg(PRIMASK)  returns 0x00000000 (0000ms, 26123ms total)
T1F00 2338:801 JLINK_ReadReg(BASEPRI)  returns 0x00000000 (0000ms, 26123ms total)
T1F00 2338:801 JLINK_ReadReg(FAULTMASK)  returns 0x00000000 (0000ms, 26123ms total)
T1F00 2338:801 JLINK_ReadReg(CONTROL)  returns 0x00000000 (0000ms, 26123ms total)
T1F00 2338:811 JLINK_EndDownload()  returns 0x00 (0000ms, 26123ms total)
T1F00 2338:811 JLINK_Reset() -- CPU_ReadMem(16 bytes @ 0x20000000) -- CPU_WriteMem(16 bytes @ 0x20000000) -- CPU_ReadMem(4 bytes @ 0xE000EDFC) -- CPU_WriteMem(4 bytes @ 0xE000EDFC) -- CPU_ReadMem(4 bytes @ 0xE0001000) -- CPU_WriteMem(4 bytes @ 0xE000EDFC) -- CPU_WriteMem(16 bytes @ 0x20000000) -- CPU_WriteMem(4 bytes @ 0xE0002000) -- CPU_ReadMem(4 bytes @ 0xE000EDFC) -- CPU_ReadMem(4 bytes @ 0xE0001000) (0030ms, 26153ms total)
T1C04 2338:841 JLINK_IsHalted()  returns TRUE (0000ms, 26153ms total)
T1C04 2338:841 JLINK_GetMOEs(...) -- CPU_ReadMem(4 bytes @ 0xE000ED30) -- CPU_WriteMem(4 bytes @ 0xE000ED30)  returns 0x01 (0002ms, 26155ms total)
T1C04 2338:843 JLINK_ReadReg(R15 (PC))  returns 0x00400F94 (0000ms, 26155ms total)
T1F00 2338:851 JLINK_ReadReg(R15 (PC))  returns 0x00400F94 (0000ms, 26155ms total)
T1F00 2338:851 JLINK_ReadReg(R13 (SP))  returns 0x200034F0 (0000ms, 26155ms total)
T1F00 2338:856 JLINK_ReadMemHW(0x00400F94, 0x0004 Bytes, ...) -- CPU_ReadMem(4 bytes @ 0x00400F94) - Data: 80 B5 84 B0  returns 0x00 (0001ms, 26156ms total)
T1F00 2338:888 JLINK_ReadMemHW(0x00401470, 0x0001 Bytes, ...) -- CPU_ReadMem(1 bytes @ 0x00401470) - Data: 2D  returns 0x00 (0001ms, 26157ms total)
T1F00 2338:929 JLINK_ReadReg(R15 (PC))  returns 0x00400F94 (0000ms, 26157ms total)
T1F00 2338:929 JLINK_GetNumBPUnits(Type = 0xFFFFFF02)  returns 0x06 (0000ms, 26157ms total)
T1F00 2338:929 JLINK_SetBPEx(Addr = 0x00401470, Type = 0xFFFFFF02)  returns 0x00000001 (0000ms, 26157ms total)
T1F00 2338:929 JLINK_GetBPInfo(BPHandle = 1)  returns 0x00 (0000ms, 26157ms total)
T1F00 2338:929 JLINK_Go() -- CPU_ReadMem(4 bytes @ 0xE0001000) -- CPU_WriteMem(4 bytes @ 0xE0002008) -- CPU_WriteMem(4 bytes @ 0xE000200C) -- CPU_WriteMem(4 bytes @ 0xE0002010) -- CPU_WriteMem(4 bytes @ 0xE0002014) -- CPU_WriteMem(4 bytes @ 0xE0002018) -- CPU_WriteMem(4 bytes @ 0xE000201C) -- CPU_WriteMem(4 bytes @ 0xE0001004) (0009ms, 26166ms total)
T1C04 2338:938 JLINK_IsHalted()  returns FALSE (0001ms, 26167ms total)
T1C04 2338:959 JLINK_IsHalted()  returns TRUE (0003ms, 26169ms total)
T1C04 2338:962 JLINK_GetMOEs(...) -- CPU_ReadMem(4 bytes @ 0xE000ED30) -- CPU_WriteMem(4 bytes @ 0xE000ED30)  returns 0x01 (0002ms, 26168ms total)
T1C04 2338:964 JLINK_ReadReg(R15 (PC))  returns 0x00401470 (0000ms, 26168ms total)
T1C04 2338:964 JLINK_GetBPInfo(BPHandle = 1)  returns 0x00 (0000ms, 26168ms total)
T1C04 2338:964 JLINK_ClrBPEx(BPHandle = 0x00000001)  returns 0x00 (0000ms, 26168ms total)
T1F00 2338:968 JLINK_ReadReg(R15 (PC))  returns 0x00401470 (0000ms, 26168ms total)
T1F00 2338:968 JLINK_ReadReg(R13 (SP))  returns 0x200034D8 (0000ms, 26168ms total)
T1F00 2338:968 JLINK_ReadMemHW(0x00401470, 0x0004 Bytes, ...) -- CPU_ReadMem(4 bytes @ 0x00401470) - Data: 2D E9 F0 4F  returns 0x00 (0001ms, 26169ms total)
T1F00 2338:980 JLINK_ReadReg(R15 (PC))  returns 0x00401470 (0000ms, 26169ms total)
T1F00 2338:980 JLINK_Go() -- CPU_ReadMem(4 bytes @ 0xE0001000) -- CPU_WriteMem(4 bytes @ 0xE0002008) (0003ms, 26172ms total)
T1C04 2338:983 JLINK_IsHalted()  returns FALSE (0001ms, 26173ms total)
T1C04 2339:024 JLINK_IsHalted()  returns FALSE (0001ms, 26173ms total)
T1C04 2339:185 JLINK_IsHalted()  returns FALSE (0001ms, 26173ms total)
T1C04 2339:826 JLINK_IsHalted()  returns FALSE (0002ms, 26174ms total)
T1C04 2340:468 JLINK_IsHalted()  returns FALSE (0001ms, 26173ms total)
T1C04 2341:109 JLINK_IsHalted()  returns FALSE (0002ms, 26174ms total)
T1C04 2341:751 JLINK_IsHalted()  returns FALSE (0001ms, 26173ms total)
T1C04 2342:393 JLINK_IsHalted()  returns FALSE (0002ms, 26174ms total)
T1C04 2343:035 JLINK_IsHalted()  returns FALSE (0001ms, 26173ms total)
T1C04 2343:676 JLINK_IsHalted()  returns FALSE (0002ms, 26174ms total)
T1C04 2344:318 JLINK_IsHalted()  returns FALSE (0001ms, 26173ms total)
T1C04 2344:959 JLINK_IsHalted()  returns FALSE (0002ms, 26174ms total)
T1C04 2345:601 JLINK_IsHalted()  returns FALSE (0001ms, 26173ms total)
T1C04 2346:242 JLINK_IsHalted()  returns FALSE (0002ms, 26174ms total)
T1C04 2346:884 JLINK_IsHalted()  returns FALSE (0001ms, 26173ms total)
T1C04 2347:525 JLINK_IsHalted()  returns FALSE (0002ms, 26174ms total)
T1C04 2348:167 JLINK_IsHalted()  returns FALSE (0001ms, 26173ms total)
T1C04 2348:808 JLINK_IsHalted()  returns FALSE (0002ms, 26174ms total)
T1C04 2349:450 JLINK_IsHalted()  returns FALSE (0001ms, 26173ms total)
T1C04 2350:091 JLINK_IsHalted()  returns FALSE (0002ms, 26174ms total)
T1C04 2350:733 JLINK_IsHalted()  returns FALSE (0001ms, 26173ms total)
T1C04 2351:374 JLINK_IsHalted()  returns FALSE (0002ms, 26174ms total)
T1C04 2352:016 JLINK_IsHalted()  returns FALSE (0001ms, 26173ms total)
T1C04 2352:657 JLINK_IsHalted()  returns FALSE (0002ms, 26174ms total)
T1C04 2353:299 JLINK_IsHalted()  returns FALSE (0001ms, 26173ms total)
T1C04 2353:940 JLINK_IsHalted()  returns FALSE (0002ms, 26174ms total)
T1C04 2354:582 JLINK_IsHalted()  returns FALSE (0001ms, 26173ms total)
T1C04 2355:223 JLINK_IsHalted()  returns FALSE (0002ms, 26174ms total)
T1C04 2355:865 JLINK_IsHalted()  returns FALSE (0001ms, 26173ms total)
T1C04 2356:506 JLINK_IsHalted()  returns FALSE (0002ms, 26174ms total)
T1C04 2357:148 JLINK_IsHalted()  returns FALSE (0001ms, 26173ms total)
T1C04 2357:789 JLINK_IsHalted()  returns FALSE (0002ms, 26174ms total)
T1C04 2358:431 JLINK_IsHalted()  returns FALSE (0001ms, 26173ms total)
T1C04 2359:072 JLINK_IsHalted()  returns FALSE (0002ms, 26174ms total)
T1C04 2359:714 JLINK_IsHalted()  returns FALSE (0001ms, 26173ms total)
T1C04 2360:356 JLINK_IsHalted()  returns FALSE (0002ms, 26174ms total)
T1C04 2360:998 JLINK_IsHalted()  returns FALSE (0001ms, 26173ms total)
T1C04 2361:639 JLINK_IsHalted()  returns FALSE (0002ms, 26174ms total)
T1C04 2362:281 JLINK_IsHalted()  returns FALSE (0001ms, 26173ms total)
T1C04 2362:922 JLINK_IsHalted()  returns FALSE (0002ms, 26174ms total)
T1C04 2363:564 JLINK_IsHalted()  returns FALSE (0001ms, 26173ms total)
T1C04 2364:205 JLINK_IsHalted()  returns FALSE (0002ms, 26174ms total)
T1C04 2364:847 JLINK_IsHalted()  returns FALSE (0001ms, 26173ms total)
T1C04 2365:488 JLINK_IsHalted()  returns FALSE (0002ms, 26174ms total)
T1C04 2366:130 JLINK_IsHalted()  returns FALSE (0001ms, 26173ms total)
T1C04 2366:771 JLINK_IsHalted()  returns FALSE (0002ms, 26174ms total)
T1C04 2367:413 JLINK_IsHalted()  returns FALSE (0001ms, 26173ms total)
T1C04 2368:054 JLINK_IsHalted()  returns FALSE (0002ms, 26174ms total)
T1C04 2368:696 JLINK_IsHalted()  returns FALSE (0001ms, 26173ms total)
T1C04 2369:337 JLINK_IsHalted()  returns FALSE (0002ms, 26174ms total)
T1C04 2369:979 JLINK_IsHalted()  returns FALSE (0001ms, 26173ms total)
T1C04 2370:620 JLINK_IsHalted()  returns FALSE (0002ms, 26174ms total)
T1C04 2371:262 JLINK_IsHalted()  returns FALSE (0001ms, 26173ms total)
T1C04 2371:903 JLINK_IsHalted()  returns FALSE (0002ms, 26174ms total)
T1C04 2372:545 JLINK_IsHalted()  returns FALSE (0001ms, 26173ms total)
T1C04 2373:186 JLINK_IsHalted()  returns FALSE (0002ms, 26174ms total)
T1C04 2373:828 JLINK_IsHalted()  returns FALSE (0001ms, 26173ms total)
T1C04 2374:469 JLINK_IsHalted()  returns FALSE (0002ms, 26174ms total)
T1C04 2375:111 JLINK_IsHalted()  returns FALSE (0001ms, 26173ms total)
T1C04 2375:752 JLINK_IsHalted()  returns FALSE (0002ms, 26174ms total)
T1C04 2376:394 JLINK_IsHalted()  returns FALSE (0001ms, 26173ms total)
T1C04 2377:035 JLINK_IsHalted()  returns FALSE (0002ms, 26174ms total)
T1C04 2377:678 JLINK_IsHalted()  returns FALSE (0001ms, 26173ms total)
T1C04 2378:319 JLINK_IsHalted()  returns FALSE (0002ms, 26174ms total)
T1C04 2378:961 JLINK_IsHalted()  returns FALSE (0001ms, 26173ms total)
T1C04 2379:602 JLINK_IsHalted()  returns FALSE (0002ms, 26174ms total)
T1C04 2380:244 JLINK_IsHalted()  returns FALSE (0001ms, 26173ms total)
T1C04 2380:885 JLINK_IsHalted()  returns FALSE (0002ms, 26174ms total)
T1C04 2381:527 JLINK_IsHalted()  returns FALSE (0001ms, 26173ms total)
T1C04 2382:168 JLINK_IsHalted()  returns FALSE (0002ms, 26174ms total)
T1C04 2382:810 JLINK_IsHalted()  returns FALSE (0001ms, 26173ms total)
T1C04 2383:451 JLINK_IsHalted()  returns FALSE (0002ms, 26174ms total)
T1C04 2384:093 JLINK_IsHalted()  returns FALSE (0001ms, 26173ms total)
T1C04 2384:734 JLINK_IsHalted()  returns FALSE (0002ms, 26174ms total)
T1C04 2385:376 JLINK_IsHalted()  returns FALSE (0001ms, 26173ms total)
T1C04 2386:017 JLINK_IsHalted()  returns FALSE (0002ms, 26174ms total)
T1C04 2386:659 JLINK_IsHalted()  returns FALSE (0001ms, 26173ms total)
T1C04 2387:300 JLINK_IsHalted()  returns FALSE (0002ms, 26174ms total)
T1C04 2387:942 JLINK_IsHalted()  returns FALSE (0001ms, 26173ms total)
T1C04 2388:583 JLINK_IsHalted()  returns FALSE (0002ms, 26174ms total)
T1C04 2389:225 JLINK_IsHalted()  returns FALSE (0001ms, 26173ms total)
T1C04 2389:866 JLINK_IsHalted()  returns FALSE (0002ms, 26174ms total)
T1C04 2390:508 JLINK_IsHalted()  returns FALSE (0001ms, 26173ms total)
T1C04 2391:149 JLINK_IsHalted()  returns FALSE (0002ms, 26174ms total)
T1C04 2391:791 JLINK_IsHalted()  returns FALSE (0001ms, 26173ms total)
T1C04 2392:432 JLINK_IsHalted()  returns FALSE (0002ms, 26174ms total)
T1C04 2393:074 JLINK_IsHalted()  returns FALSE (0001ms, 26173ms total)
T1C04 2393:715 JLINK_IsHalted()  returns FALSE (0002ms, 26174ms total)
T1C04 2394:357 JLINK_IsHalted()  returns FALSE (0001ms, 26173ms total)
T1C04 2394:999 JLINK_IsHalted()  returns FALSE (0002ms, 26174ms total)
T1C04 2395:641 JLINK_IsHalted()  returns FALSE (0001ms, 26173ms total)
T1C04 2396:282 JLINK_IsHalted()  returns FALSE (0002ms, 26174ms total)
T1C04 2396:924 JLINK_IsHalted()  returns FALSE (0001ms, 26173ms total)
T1C04 2397:565 JLINK_IsHalted()  returns FALSE (0002ms, 26174ms total)
T1C04 2398:207 JLINK_IsHalted()  returns FALSE (0001ms, 26173ms total)
T1C04 2398:848 JLINK_IsHalted()  returns FALSE (0002ms, 26174ms total)
T1C04 2399:490 JLINK_IsHalted()  returns FALSE (0000ms, 26172ms total)
T1C04 2400:130 JLINK_IsHalted()  returns FALSE (0001ms, 26173ms total)
T1C04 2400:771 JLINK_IsHalted()  returns FALSE (0001ms, 26173ms total)
T1C04 2401:412 JLINK_IsHalted()  returns FALSE (0002ms, 26174ms total)
T1C04 2402:054 JLINK_IsHalted()  returns FALSE (0001ms, 26173ms total)
T1C04 2402:695 JLINK_IsHalted()  returns FALSE (0002ms, 26174ms total)
T1C04 2403:337 JLINK_IsHalted()  returns FALSE (0001ms, 26173ms total)
T1C04 2403:978 JLINK_IsHalted()  returns FALSE (0001ms, 26173ms total)
T1C04 2404:619 JLINK_IsHalted()  returns FALSE (0001ms, 26173ms total)
T1C04 2405:260 JLINK_IsHalted()  returns FALSE (0002ms, 26174ms total)
T1C04 2405:902 JLINK_IsHalted()  returns FALSE (0001ms, 26173ms total)
T1C04 2406:543 JLINK_IsHalted()  returns FALSE (0002ms, 26174ms total)
T1C04 2407:185 JLINK_IsHalted()  returns FALSE (0001ms, 26173ms total)
T1C04 2407:826 JLINK_IsHalted()  returns FALSE (0002ms, 26174ms total)
T1C04 2408:468 JLINK_IsHalted()  returns FALSE (0001ms, 26173ms total)
T1C04 2409:109 JLINK_IsHalted()  returns FALSE (0002ms, 26174ms total)
T1C04 2409:751 JLINK_IsHalted()  returns FALSE (0001ms, 26173ms total)
T1C04 2410:392 JLINK_IsHalted()  returns FALSE (0002ms, 26174ms total)
T1C04 2411:034 JLINK_IsHalted()  returns FALSE (0001ms, 26173ms total)
T1C04 2411:675 JLINK_IsHalted()  returns FALSE (0002ms, 26174ms total)
T1C04 2412:318 JLINK_IsHalted()  returns FALSE (0001ms, 26173ms total)
T1C04 2412:959 JLINK_IsHalted()  returns FALSE (0002ms, 26174ms total)
T1C04 2413:601 JLINK_IsHalted()  returns FALSE (0001ms, 26173ms total)
T1C04 2414:242 JLINK_IsHalted()  returns FALSE (0002ms, 26174ms total)
T1C04 2414:884 JLINK_IsHalted()  returns FALSE (0001ms, 26173ms total)
T1C04 2415:525 JLINK_IsHalted()  returns FALSE (0002ms, 26174ms total)
T1C04 2416:167 JLINK_IsHalted()  returns FALSE (0001ms, 26173ms total)
T1C04 2416:808 JLINK_IsHalted()  returns FALSE (0002ms, 26174ms total)
T1C04 2417:450 JLINK_IsHalted()  returns FALSE (0001ms, 26173ms total)
T1C04 2418:091 JLINK_IsHalted()  returns FALSE (0002ms, 26174ms total)
T1C04 2418:733 JLINK_IsHalted()  returns FALSE (0001ms, 26173ms total)
T1C04 2419:374 JLINK_IsHalted()  returns FALSE (0002ms, 26174ms total)
T1C04 2420:016 JLINK_IsHalted()  returns FALSE (0001ms, 26173ms total)
T1C04 2420:657 JLINK_IsHalted()  returns FALSE (0002ms, 26174ms total)
T1C04 2421:299 JLINK_IsHalted()  returns FALSE (0001ms, 26173ms total)
T1C04 2421:940 JLINK_IsHalted()  returns FALSE (0002ms, 26174ms total)
T1C04 2422:582 JLINK_IsHalted()  returns FALSE (0001ms, 26173ms total)
T1C04 2423:223 JLINK_IsHalted()  returns FALSE (0002ms, 26174ms total)
T1C04 2423:865 JLINK_IsHalted()  returns FALSE (0001ms, 26173ms total)
T1C04 2424:506 JLINK_IsHalted()  returns FALSE (0002ms, 26174ms total)
T1C04 2425:148 JLINK_IsHalted()  returns FALSE (0001ms, 26173ms total)
T1C04 2425:789 JLINK_IsHalted()  returns FALSE (0002ms, 26174ms total)
T1C04 2426:431 JLINK_IsHalted()  returns FALSE (0001ms, 26173ms total)
T1C04 2427:072 JLINK_IsHalted()  returns FALSE (0002ms, 26174ms total)
T1C04 2427:714 JLINK_IsHalted()  returns FALSE (0001ms, 26173ms total)
T1C04 2428:355 JLINK_IsHalted()  returns FALSE (0002ms, 26174ms total)
T1C04 2428:997 JLINK_IsHalted()  returns FALSE (0001ms, 26173ms total)
T1C04 2429:638 JLINK_IsHalted()  returns FALSE (0002ms, 26174ms total)
T1C04 2430:281 JLINK_IsHalted()  returns FALSE (0001ms, 26173ms total)
T1C04 2430:922 JLINK_IsHalted()  returns FALSE (0002ms, 26174ms total)
T1C04 2431:564 JLINK_IsHalted()  returns FALSE (0001ms, 26173ms total)
T1C04 2432:205 JLINK_IsHalted()  returns FALSE (0002ms, 26174ms total)
T1C04 2432:847 JLINK_IsHalted()  returns FALSE (0001ms, 26173ms total)
T1C04 2433:488 JLINK_IsHalted()  returns FALSE (0002ms, 26174ms total)
T1C04 2434:130 JLINK_IsHalted()  returns FALSE (0001ms, 26173ms total)
T1C04 2434:771 JLINK_IsHalted()  returns FALSE (0002ms, 26174ms total)
T1C04 2435:413 JLINK_IsHalted()  returns FALSE (0001ms, 26173ms total)
T1C04 2436:054 JLINK_IsHalted()  returns FALSE (0002ms, 26174ms total)
T1C04 2436:696 JLINK_IsHalted()  returns FALSE (0001ms, 26173ms total)
T1C04 2437:337 JLINK_IsHalted()  returns FALSE (0002ms, 26174ms total)
T1C04 2437:979 JLINK_IsHalted()  returns FALSE (0001ms, 26173ms total)
T1C04 2438:620 JLINK_IsHalted()  returns FALSE (0002ms, 26174ms total)
T1C04 2439:262 JLINK_IsHalted()  returns FALSE (0001ms, 26173ms total)
T1C04 2439:903 JLINK_IsHalted()  returns FALSE (0002ms, 26174ms total)
T1C04 2440:545 JLINK_IsHalted()  returns FALSE (0001ms, 26173ms total)
T1C04 2441:186 JLINK_IsHalted()  returns FALSE (0002ms, 26174ms total)
T1C04 2441:828 JLINK_IsHalted()  returns FALSE (0001ms, 26173ms total)
T1C04 2442:469 JLINK_IsHalted()  returns FALSE (0002ms, 26174ms total)
T1C04 2443:111 JLINK_IsHalted()  returns FALSE (0001ms, 26173ms total)
T1C04 2443:752 JLINK_IsHalted()  returns FALSE (0002ms, 26174ms total)
T1C04 2444:394 JLINK_IsHalted()  returns FALSE (0001ms, 26173ms total)
T1C04 2445:035 JLINK_IsHalted()  returns FALSE (0002ms, 26174ms total)
T1C04 2445:677 JLINK_IsHalted()  returns FALSE (0001ms, 26173ms total)
T1C04 2446:318 JLINK_IsHalted()  returns FALSE (0002ms, 26174ms total)
T1C04 2446:960 JLINK_IsHalted()  returns FALSE (0001ms, 26173ms total)
T1C04 2447:602 JLINK_IsHalted()  returns FALSE (0002ms, 26174ms total)
T1C04 2448:244 JLINK_IsHalted()  returns FALSE (0001ms, 26173ms total)
T1C04 2448:885 JLINK_IsHalted()  returns FALSE (0002ms, 26174ms total)
T1C04 2449:527 JLINK_IsHalted()  returns FALSE (0001ms, 26173ms total)
T1C04 2450:168 JLINK_IsHalted()  returns FALSE (0002ms, 26174ms total)
T1C04 2450:810 JLINK_IsHalted()  returns FALSE (0001ms, 26173ms total)
T1C04 2451:451 JLINK_IsHalted()  returns FALSE (0002ms, 26174ms total)
T1C04 2452:093 JLINK_IsHalted()  returns FALSE (0001ms, 26173ms total)
T1C04 2452:734 JLINK_IsHalted()  returns FALSE (0002ms, 26174ms total)
T1C04 2453:376 JLINK_IsHalted()  returns FALSE (0001ms, 26173ms total)
T1C04 2454:017 JLINK_IsHalted()  returns FALSE (0002ms, 26174ms total)
T1C04 2454:659 JLINK_IsHalted()  returns FALSE (0001ms, 26173ms total)
T1C04 2455:300 JLINK_IsHalted()  returns FALSE (0002ms, 26174ms total)
T1C04 2455:942 JLINK_IsHalted()  returns FALSE (0001ms, 26173ms total)
T1C04 2456:583 JLINK_IsHalted()  returns FALSE (0002ms, 26174ms total)
T1C04 2457:225 JLINK_IsHalted()  returns FALSE (0001ms, 26173ms total)
T1C04 2457:866 JLINK_IsHalted()  returns FALSE (0001ms, 26173ms total)
T1C04 2458:507 JLINK_IsHalted()  returns FALSE (0001ms, 26173ms total)
T1C04 2459:148 JLINK_IsHalted()  returns FALSE (0002ms, 26174ms total)
T1C04 2459:790 JLINK_IsHalted()  returns FALSE (0001ms, 26173ms total)
T1C04 2460:431 JLINK_IsHalted()  returns FALSE (0002ms, 26174ms total)
T1C04 2461:073 JLINK_IsHalted()  returns FALSE (0001ms, 26173ms total)
T1C04 2461:714 JLINK_IsHalted()  returns FALSE (0002ms, 26174ms total)
T1C04 2462:356 JLINK_IsHalted()  returns FALSE (0001ms, 26173ms total)
T1C04 2462:997 JLINK_IsHalted()  returns FALSE (0002ms, 26174ms total)
T1C04 2463:639 JLINK_IsHalted()  returns FALSE (0001ms, 26173ms total)
T1C04 2464:280 JLINK_IsHalted()  returns FALSE (0002ms, 26174ms total)
T1C04 2464:923 JLINK_IsHalted()  returns FALSE (0001ms, 26173ms total)
T1F00 2464:938 JLINK_Halt()  returns 0x00 (0004ms, 26176ms total)
T1C04 2465:564 JLINK_IsHalted()  returns TRUE (0002ms, 26178ms total)
T1C04 2465:566 JLINK_GetMOEs(...) -- CPU_ReadMem(4 bytes @ 0xE000ED30) -- CPU_WriteMem(4 bytes @ 0xE000ED30)  returns 0x01 (0002ms, 26178ms total)
T1C04 2465:568 JLINK_ReadReg(R15 (PC))  returns 0x00400BDE (0000ms, 26178ms total)
T0B7C 2465:568 JLINK_ResetPullsRESET(ON) (0000ms, 26178ms total)
T0B7C 2465:568 JLINK_ResetNoHalt() >0x2F8 JTAG>TotalIRLen = 4, IRPrint = 0x01 >0x30 JTAG> >0x210 JTAG> >0x70 JTAG> >0x40 JTAG> >0x40 JTAG> >0x40 JTAG> >0x48 JTAG> >0x78 JTAG> >0x40 JTAG> >0x30 JTAG> >0x40 JTAG> >0x40 JTAG> >0x30 JTAG> >0x40 JTAG> >0x48 JTAG>Found Cortex-M4 r0p1, Little endian. -- CPU_WriteMem(4 bytes @ 0xE0002000) -- CPU_ReadMem(4 bytes @ 0xE000EDF0) -- CPU_ReadMem(4 bytes @ 0xE0002000)FPUnit: 6 code (BP) slots and 2 literal slots -- CPU_ReadMem(4 bytes @ 0xE000EDFC)
 -- CPU_ReadMem(4 bytes @ 0xE0001000) -- CPU_ReadMem(4 bytes @ 0xE000ED88) -- CPU_WriteMem(4 bytes @ 0xE000ED88) -- CPU_ReadMem(4 bytes @ 0xE000ED88) -- CPU_WriteMem(4 bytes @ 0xE000ED88)CoreSight components:ROMTbl 0 @ E00FF000 -- CPU_ReadMem(16 bytes @ 0xE00FF000) -- CPU_ReadMem(16 bytes @ 0xE000EFF0) -- CPU_ReadMem(16 bytes @ 0xE000EFE0)ROMTbl 0 [0]: FFF0F000, CID: B105E00D, PID: 000BB000 SCS -- CPU_WriteMem(4 bytes @ 0xE0001000) -- CPU_ReadMem(16 bytes @ 0xE0001FF0)
 -- CPU_ReadMem(16 bytes @ 0xE0001FE0)ROMTbl 0 [1]: FFF02000, CID: B105E00D, PID: 003BB002 DWT -- CPU_ReadMem(16 bytes @ 0xE0002FF0) -- CPU_ReadMem(16 bytes @ 0xE0002FE0)ROMTbl 0 [2]: FFF03000, CID: B105E00D, PID: 002BB003 FPB -- CPU_ReadMem(16 bytes @ 0xE0000FF0) -- CPU_ReadMem(16 bytes @ 0xE0000FE0)ROMTbl 0 [3]: FFF01000, CID: B105E00D, PID: 003BB001 ITM -- CPU_ReadMem(16 bytes @ 0xE00FF010) -- CPU_ReadMem(16 bytes @ 0xE0040FF0) -- CPU_ReadMem(16 bytes @ 0xE0040FE0)
ROMTbl 0 [4]: FFF41000, CID: B105900D, PID: 000BB9A1 TPIU
                JLINK_Reset() -- CPU_ReadMem(16 bytes @ 0x20000000) -- CPU_WriteMem(16 bytes @ 0x20000000) -- CPU_ReadMem(4 bytes @ 0xE000EDFC) -- CPU_WriteMem(4 bytes @ 0xE000EDFC) -- CPU_ReadMem(4 bytes @ 0xE0001000) -- CPU_WriteMem(4 bytes @ 0xE000EDFC) -- CPU_WriteMem(16 bytes @ 0x20000000) -- CPU_WriteMem(4 bytes @ 0xE0002000) -- CPU_ReadMem(4 bytes @ 0xE000EDFC) -- CPU_ReadMem(4 bytes @ 0xE0001000) (0030ms, 0030ms total)
                JLINK_Go() -- CPU_ReadMem(4 bytes @ 0xE0001000) -- CPU_WriteMem(4 bytes @ 0xE0002008) -- CPU_WriteMem(4 bytes @ 0xE000200C) -- CPU_WriteMem(4 bytes @ 0xE0002010) -- CPU_WriteMem(4 bytes @ 0xE0002014) -- CPU_WriteMem(4 bytes @ 0xE0002018) -- CPU_WriteMem(4 bytes @ 0xE000201C) -- CPU_WriteMem(4 bytes @ 0xE0001004) (0008ms, 0038ms total)
               (0079ms, 26257ms total)
T0B7C 2465:652 JLINK_Close() -- CPU is running -- CPU_WriteMem(4 bytes @ 0xE0002008) -- CPU is running -- CPU_WriteMem(4 bytes @ 0xE000200C) -- CPU is running -- CPU_WriteMem(4 bytes @ 0xE0002010) -- CPU is running -- CPU_WriteMem(4 bytes @ 0xE0002014) -- CPU is running -- CPU_WriteMem(4 bytes @ 0xE0002018) -- CPU is running -- CPU_WriteMem(4 bytes @ 0xE000201C) >0x78 JTAG> >0x08 JTAG> (0012ms, 26269ms total)
T0B7C 2465:652  (0012ms, 26269ms total)
T0B7C 2465:652 Closed (0012ms, 26269ms total)
